<?xml version="1.0" encoding="UTF-8"?>
<testsuite xmlns:xsi="http://www.w3.org/2001/XMLSchema-instance" xsi:schemaLocation="https://maven.apache.org/surefire/maven-surefire-plugin/xsd/surefire-test-report.xsd" name="bla.tm.DevSiteTestsRunner" time="1,623.806" tests="798" errors="7" skipped="32" failures="9">
  <properties>
[...]
</properties>
  <testcase name="BeforeStories" classname="java.lang.Object" time="0.058"/>
  <testcase name="Given open Blogs page" classname="bla.tm.definitions.site.BlogsDefinition" time="5.09"/>
  <testcase name="Then check general page elements for Blogs Page, where DISQUS = false and LeftMenu = false" classname="bla.tm.definitions.site.BlogsDefinition" time="40.416"/>
  <testcase name="Scenario: |/blogs/| Verification for general page&apos;s elements" classname="Scenario: |/blogs/| Verification for general page&apos;s elements" time="40.474"/>
  <testcase name="Blogs.story" classname="Blogs.story" time="40.654"/>
  <testcase name="Given open Events page" classname="bla.tm.definitions.site.EventsDefinition" time="1.988"/>
  <testcase name="Then check general page elements for Events Page, where DISQUS = false and LeftMenu = true" classname="bla.tm.definitions.site.EventsDefinition" time="10.243"/>
  <testcase name="Scenario: |/events/| Verification for general page&apos;s elements" classname="Scenario: |/events/| Verification for general page&apos;s elements" time="10.277"/>
  <testcase name="Events.story" classname="Events.story" time="10.345"/>
  <testcase name="Given open Home page" classname="bla.tm.definitions.site.HomePageDefinition" time="4.863"/>
  <testcase name="Then check general page elements for Home Page, where DISQUS = false and LeftMenu = false" classname="bla.tm.definitions.site.HomePageDefinition" time="20.276"/>
  <testcase name="Scenario: |/Home Page/| Verification for general page elements" classname="Scenario: |/Home Page/| Verification for general page elements" time="20.317"/>
  <testcase name="Given open Home page​" classname="bla.tm.definitions.site.HomePageDefinition" time="2.266"/>
  <testcase name="Then check that Twitter&apos;s list of events is shown" classname="bla.tm.definitions.site.HomePageDefinition" time="0.171"/>
  <testcase name="Scenario: |/Home Page/| Verification for twitter&apos;s list of events" classname="Scenario: |/Home Page/| Verification for twitter&apos;s list of events" time="0.211"/>
  <testcase name="Given open Home page​​" classname="bla.tm.definitions.site.HomePageDefinition" time="2.2"/>
  <testcase name="When check visibility and click &lt;elementKey&gt; element of Home page" classname="bla.tm.definitions.site.HomePageDefinition" time="2.067"/>
  <testcase name="Then check that new page opened from Home page has &lt;pageURL&gt; and &lt;elementLocation&gt;" classname="bla.tm.definitions.site.HomePageDefinition" time="0.23"/>
  <testcase name="Given open Home page​​​" classname="bla.tm.definitions.site.HomePageDefinition" time="2.359"/>
  <testcase name="When check visibility and click &lt;elementKey&gt; element of Home page​" classname="bla.tm.definitions.site.HomePageDefinition" time="1.289"/>
  <testcase name="Then check that new page opened from Home page has &lt;pageURL&gt; and &lt;elementLocation&gt;​" classname="bla.tm.definitions.site.HomePageDefinition" time="0.574"/>
  <testcase name="Given open Home page​​​​" classname="bla.tm.definitions.site.HomePageDefinition" time="2.758"/>
  <testcase name="When check visibility and click &lt;elementKey&gt; element of Home page​​" classname="bla.tm.definitions.site.HomePageDefinition" time="3.727"/>
  <testcase name="Then check that new page opened from Home page has &lt;pageURL&gt; and &lt;elementLocation&gt;​​" classname="bla.tm.definitions.site.HomePageDefinition" time="0.097"/>
  <testcase name="Given open Home page​​​​​" classname="bla.tm.definitions.site.HomePageDefinition" time="5.006"/>
  <testcase name="When check visibility and click &lt;elementKey&gt; element of Home page​​​" classname="bla.tm.definitions.site.HomePageDefinition" time="0.217"/>
  <testcase name="Then check that new page opened from Home page has &lt;pageURL&gt; and &lt;elementLocation&gt;​​​" classname="bla.tm.definitions.site.HomePageDefinition" time="1.557"/>
  <testcase name="Given open Home page​​​​​​" classname="bla.tm.definitions.site.HomePageDefinition" time="3.071"/>
  <testcase name="When check visibility and click &lt;elementKey&gt; element of Home page​​​​" classname="bla.tm.definitions.site.HomePageDefinition" time="0.48"/>
  <testcase name="Then check that new page opened from Home page has &lt;pageURL&gt; and &lt;elementLocation&gt;​​​​" classname="bla.tm.definitions.site.HomePageDefinition" time="0.043"/>
  <testcase name="Given open Home page​​​​​​​" classname="bla.tm.definitions.site.HomePageDefinition" time="3.057"/>
  <testcase name="When check visibility and click &lt;elementKey&gt; element of Home page​​​​​" classname="bla.tm.definitions.site.HomePageDefinition" time="0.5"/>
  <testcase name="Then check that new page opened from Home page has &lt;pageURL&gt; and &lt;elementLocation&gt;​​​​​" classname="bla.tm.definitions.site.HomePageDefinition" time="0.037"/>
  <testcase name="Given open Home page​​​​​​​​" classname="bla.tm.definitions.site.HomePageDefinition" time="2.674"/>
  <testcase name="When check visibility and click &lt;elementKey&gt; element of Home page​​​​​​" classname="bla.tm.definitions.site.HomePageDefinition" time="0.506"/>
  <testcase name="Then check that new page opened from Home page has &lt;pageURL&gt; and &lt;elementLocation&gt;​​​​​​" classname="bla.tm.definitions.site.HomePageDefinition" time="0.038"/>
  <testcase name="Given open Home page​​​​​​​​​" classname="bla.tm.definitions.site.HomePageDefinition" time="3.799"/>
  <testcase name="When check visibility and click &lt;elementKey&gt; element of Home page​​​​​​​" classname="bla.tm.definitions.site.HomePageDefinition" time="0.252"/>
  <testcase name="Then check that new page opened from Home page has &lt;pageURL&gt; and &lt;elementLocation&gt;​​​​​​​" classname="bla.tm.definitions.site.HomePageDefinition" time="3.08"/>
  <testcase name="Given open Home page​​​​​​​​​​" classname="bla.tm.definitions.site.HomePageDefinition" time="2.691"/>
  <testcase name="When check visibility and click &lt;elementKey&gt; element of Home page​​​​​​​​" classname="bla.tm.definitions.site.HomePageDefinition" time="0.235"/>
  <testcase name="Then check that new page opened from Home page has &lt;pageURL&gt; and &lt;elementLocation&gt;​​​​​​​​" classname="bla.tm.definitions.site.HomePageDefinition" time="1.333"/>
  <testcase name="Given open Home page​​​​​​​​​​​" classname="bla.tm.definitions.site.HomePageDefinition" time="2.121"/>
  <testcase name="When check visibility and click &lt;elementKey&gt; element of Home page​​​​​​​​​" classname="bla.tm.definitions.site.HomePageDefinition" time="0.327"/>
  <testcase name="Then check that new page opened from Home page has &lt;pageURL&gt; and &lt;elementLocation&gt;​​​​​​​​​" classname="bla.tm.definitions.site.HomePageDefinition" time="1.438"/>
  <testcase name="Given open Home page​​​​​​​​​​​​" classname="bla.tm.definitions.site.HomePageDefinition" time="2.452"/>
  <testcase name="When check visibility and click &lt;elementKey&gt; element of Home page​​​​​​​​​​" classname="bla.tm.definitions.site.HomePageDefinition" time="1.721"/>
  <testcase name="Then check that new page opened from Home page has &lt;pageURL&gt; and &lt;elementLocation&gt;​​​​​​​​​​" classname="bla.tm.definitions.site.HomePageDefinition" time="0.288"/>
  <testcase name="Given open Home page​​​​​​​​​​​​​" classname="bla.tm.definitions.site.HomePageDefinition" time="3.999"/>
  <testcase name="When check visibility and click &lt;elementKey&gt; element of Home page​​​​​​​​​​​" classname="bla.tm.definitions.site.HomePageDefinition" time="0.197"/>
  <testcase name="Then check that new page opened from Home page has &lt;pageURL&gt; and &lt;elementLocation&gt;​​​​​​​​​​​" classname="bla.tm.definitions.site.HomePageDefinition" time="1.487"/>
  <testcase name="Scenario: |/Home Page/| Verification for all the page links" classname="Scenario: |/Home Page/| Verification for all the page links" time="1.55"/>
  <testcase name="Home.story" classname="Home.story" time="1.552"/>
  <testcase name="Given open Home page​​​​​​​​​​​​​​" classname="bla.tm.definitions.site.HomePageDefinition" time="4.076"/>
  <testcase name="When check visibility and click &lt;elementKey&gt; element of Home page​​​​​​​​​​​​" classname="bla.tm.definitions.site.HomePageDefinition" time="0.359"/>
  <testcase name="Then check that new page opened from Home page has &lt;pageURL&gt; and &lt;pageTitle&gt;" classname="bla.tm.definitions.site.HomePageDefinition" time="0.023"/>
  <testcase name="Scenario: |/blogs/| Verification for general page&apos;s elements​" classname="Scenario: |/blogs/| Verification for general page&apos;s elements​" time="0.086"/>
  <testcase name="OpenSource.story" classname="OpenSource.story" time="0.088"/>
  <testcase name="Given open Home page​​​​​​​​​​​​​​​" classname="bla.tm.definitions.site.HomePageDefinition" time="4.087"/>
  <testcase name="And insert Search Parameter &lt;searchRequest&gt; and navigate to Search page" classname="bla.tm.definitions.site.SearchDefinition" time="0.372"/>
  <testcase name="Then check general page elements for Search Page, where DISQUS = false and LeftMenu = false" classname="bla.tm.definitions.site.SearchDefinition" time="22.425"/>
  <testcase name="Scenario: |/search/| Verification for general page&apos;s elements" classname="Scenario: |/search/| Verification for general page&apos;s elements" time="22.492"/>
  <testcase name="Search.story" classname="Search.story" time="22.494"/>
  <testcase name="Then check general page elements for Pantheon Create New Account page" classname="bla.tm.definitions.site.pantheon.CreateNewAccountDefinition" time="2.281"/>
  <testcase name="Then check general page elements for Pantheon Create New Account page" classname="bla.tm.definitions.site.pantheon.CreateNewAccountDefinition" time="1.121"/>
  <testcase name="Then check general page elements for Pantheon Create New Account page" classname="bla.tm.definitions.site.pantheon.CreateNewAccountDefinition" time="0.997"/>
  <testcase name="Then check general page elements for Pantheon Create New Account page" classname="bla.tm.definitions.site.pantheon.CreateNewAccountDefinition" time="20.43"/>
  <testcase name="Scenario: |developer-acct.ticketmaster.com/user/register| Verification for general page&apos;s elements" classname="Scenario: |developer-acct.ticketmaster.com/user/register| Verification for general page&apos;s elements" time="20.458"/>
  <testcase name="When enter register values on Create New Account Page:" classname="bla.tm.definitions.site.pantheon.CreateNewAccountDefinition" time="2.567"/>
  <testcase name="When click checkbox Terms of Use" classname="bla.tm.definitions.site.pantheon.CreateNewAccountDefinition" time="1.056"/>
  <testcase name="When click Create New Account on Register Page" classname="bla.tm.definitions.site.pantheon.CreateNewAccountDefinition" time="1.078"/>
  <testcase name="Then the message The answer you entered for the CAPTCHA was not correct. is displayed" classname="bla.tm.definitions.site.pantheon.UserAppsDefinition" time="0.781"/>
  <testcase name="Then the message The answer you entered for the CAPTCHA was not correct. is displayed" classname="bla.tm.definitions.site.pantheon.UserAppsDefinition" time="0.129"/>
  <testcase name="Then the message The answer you entered for the CAPTCHA was not correct. is displayed" classname="bla.tm.definitions.site.pantheon.UserAppsDefinition" time="1.047"/>
  <testcase name="Then the message The answer you entered for the CAPTCHA was not correct. is displayed" classname="bla.tm.definitions.site.pantheon.UserAppsDefinition" time="0.098"/>
  <testcase name="Scenario: |developer-acct.ticketmaster.com/user/register| [2.2.3.14 Create New Account - fail the CAPTCHA check]" classname="Scenario: |developer-acct.ticketmaster.com/user/register| [2.2.3.14 Create New Account - fail the CAPTCHA check]" time="0.149"/>
  <testcase name="When enter register values on Create New Account Page:​" classname="bla.tm.definitions.site.pantheon.CreateNewAccountDefinition" time="3.077"/>
  <testcase name="When click Create New Account on Register Page​" classname="bla.tm.definitions.site.pantheon.CreateNewAccountDefinition" time="0.977"/>
  <testcase name="Then the message I agree to the Terms of Use field is required. is displayed" classname="bla.tm.definitions.site.pantheon.UserAppsDefinition" time="1.11"/>
  <testcase name="Then the message I agree to the Terms of Use field is required. is displayed" classname="bla.tm.definitions.site.pantheon.UserAppsDefinition" time="0.653"/>
  <testcase name="Then the message I agree to the Terms of Use field is required. is displayed" classname="bla.tm.definitions.site.pantheon.UserAppsDefinition" time="1.107"/>
  <testcase name="Then the message I agree to the Terms of Use field is required. is displayed" classname="bla.tm.definitions.site.pantheon.UserAppsDefinition" time="0.162"/>
  <testcase name="Scenario: |developer-acct.ticketmaster.com/user/register| [2.2.3.31 Edit Profile - I Agree To The Terms &amp; Conditions checkbox]" classname="Scenario: |developer-acct.ticketmaster.com/user/register| [2.2.3.31 Edit Profile - I Agree To The Terms &amp; Conditions checkbox]" time="0.197"/>
  <testcase name="When enter register values on Create New Account Page:​​" classname="bla.tm.definitions.site.pantheon.CreateNewAccountDefinition" time="2.51"/>
  <testcase name="When click checkbox Terms of Use​" classname="bla.tm.definitions.site.pantheon.CreateNewAccountDefinition" time="0.966"/>
  <testcase name="When click Create New Account on Register Page​​" classname="bla.tm.definitions.site.pantheon.CreateNewAccountDefinition" time="0.97"/>
  <testcase name="Then the message First Name field is required. is displayed" classname="bla.tm.definitions.site.pantheon.UserAppsDefinition" time="0.682"/>
  <testcase name="Then the message First Name field is required. is displayed" classname="bla.tm.definitions.site.pantheon.UserAppsDefinition" time="0.112"/>
  <testcase name="Then the message First Name field is required. is displayed" classname="bla.tm.definitions.site.pantheon.UserAppsDefinition" time="1.013"/>
  <testcase name="Then the message First Name field is required. is displayed" classname="bla.tm.definitions.site.pantheon.UserAppsDefinition" time="0.142"/>
  <testcase name="Scenario: |developer-acct.ticketmaster.com/user/register| [Create New Account - First Name validation]" classname="Scenario: |developer-acct.ticketmaster.com/user/register| [Create New Account - First Name validation]" time="0.168"/>
  <testcase name="When enter register values on Create New Account Page:​​​" classname="bla.tm.definitions.site.pantheon.CreateNewAccountDefinition" time="5.165"/>
  <testcase name="When click checkbox Terms of Use​​" classname="bla.tm.definitions.site.pantheon.CreateNewAccountDefinition" time="1.02"/>
  <testcase name="When click Create New Account on Register Page​​​" classname="bla.tm.definitions.site.pantheon.CreateNewAccountDefinition" time="0.939"/>
  <testcase name="Then the message Last Name field is required. is displayed" classname="bla.tm.definitions.site.pantheon.UserAppsDefinition" time="0.663"/>
  <testcase name="Then the message Last Name field is required. is displayed" classname="bla.tm.definitions.site.pantheon.UserAppsDefinition" time="0.14"/>
  <testcase name="Then the message Last Name field is required. is displayed" classname="bla.tm.definitions.site.pantheon.UserAppsDefinition" time="0.953"/>
  <testcase name="Then the message Last Name field is required. is displayed" classname="bla.tm.definitions.site.pantheon.UserAppsDefinition" time="0.143"/>
  <testcase name="Scenario: |developer-acct.ticketmaster.com/user/register| [Create New Account - Company Name validation]" classname="Scenario: |developer-acct.ticketmaster.com/user/register| [Create New Account - Company Name validation]" time="0.172"/>
  <testcase name="When enter register values on Create New Account Page:​​​​" classname="bla.tm.definitions.site.pantheon.CreateNewAccountDefinition" time="4.268"/>
  <testcase name="When click checkbox Terms of Use​​​" classname="bla.tm.definitions.site.pantheon.CreateNewAccountDefinition" time="0.766"/>
  <testcase name="When click Create New Account on Register Page​​​​" classname="bla.tm.definitions.site.pantheon.CreateNewAccountDefinition" time="1.077"/>
  <testcase name="Then the message Company Name field is required. is displayed" classname="bla.tm.definitions.site.pantheon.UserAppsDefinition" time="0.697"/>
  <testcase name="Then the message Company Name field is required. is displayed" classname="bla.tm.definitions.site.pantheon.UserAppsDefinition" time="0.121"/>
  <testcase name="Then the message Company Name field is required. is displayed" classname="bla.tm.definitions.site.pantheon.UserAppsDefinition" time="1.062"/>
  <testcase name="Then the message Company Name field is required. is displayed" classname="bla.tm.definitions.site.pantheon.UserAppsDefinition" time="0.159"/>
  <testcase name="Scenario: |developer-acct.ticketmaster.com/user/register| [Create New Account - Company Name validation]​" classname="Scenario: |developer-acct.ticketmaster.com/user/register| [Create New Account - Company Name validation]​" time="0.19"/>
  <testcase name="When enter register values on Create New Account Page:​​​​​" classname="bla.tm.definitions.site.pantheon.CreateNewAccountDefinition" time="2.155"/>
  <testcase name="When click checkbox Terms of Use​​​​" classname="bla.tm.definitions.site.pantheon.CreateNewAccountDefinition" time="1.11"/>
  <testcase name="When click Create New Account on Register Page​​​​​" classname="bla.tm.definitions.site.pantheon.CreateNewAccountDefinition" time="0.97"/>
  <testcase name="Then the message Company Site URL field is required. is displayed" classname="bla.tm.definitions.site.pantheon.UserAppsDefinition" time="0.755"/>
  <testcase name="Then the message Company Site URL field is required. is displayed" classname="bla.tm.definitions.site.pantheon.UserAppsDefinition" time="0.133"/>
  <testcase name="Then the message Company Site URL field is required. is displayed" classname="bla.tm.definitions.site.pantheon.UserAppsDefinition" time="1.035"/>
  <testcase name="Then the message Company Site URL field is required. is displayed" classname="bla.tm.definitions.site.pantheon.UserAppsDefinition" time="0.15"/>
  <testcase name="Scenario: |developer-acct.ticketmaster.com/user/register| [Create New Account - Company Site URL validation]" classname="Scenario: |developer-acct.ticketmaster.com/user/register| [Create New Account - Company Site URL validation]" time="0.179"/>
  <testcase name="When enter register values on Create New Account Page:​​​​​​" classname="bla.tm.definitions.site.pantheon.CreateNewAccountDefinition" time="2.292"/>
  <testcase name="When click checkbox Terms of Use​​​​​" classname="bla.tm.definitions.site.pantheon.CreateNewAccountDefinition" time="1"/>
  <testcase name="When click Create New Account on Register Page​​​​​​" classname="bla.tm.definitions.site.pantheon.CreateNewAccountDefinition" time="0.887"/>
  <testcase name="Then the message Username field is required. is displayed" classname="bla.tm.definitions.site.pantheon.UserAppsDefinition" time="0.697"/>
  <testcase name="Then the message Username field is required. is displayed" classname="bla.tm.definitions.site.pantheon.UserAppsDefinition" time="0.123"/>
  <testcase name="Then the message Username field is required. is displayed" classname="bla.tm.definitions.site.pantheon.UserAppsDefinition" time="0.904"/>
  <testcase name="Then the message Username field is required. is displayed" classname="bla.tm.definitions.site.pantheon.UserAppsDefinition" time="0.139"/>
  <testcase name="Scenario: |developer-acct.ticketmaster.com/user/register| [Create New Account - Username validation]" classname="Scenario: |developer-acct.ticketmaster.com/user/register| [Create New Account - Username validation]" time="0.162"/>
  <testcase name="When enter register values on Create New Account Page:​​​​​​​" classname="bla.tm.definitions.site.pantheon.CreateNewAccountDefinition" time="2.07"/>
  <testcase name="When click checkbox Terms of Use​​​​​​" classname="bla.tm.definitions.site.pantheon.CreateNewAccountDefinition" time="0.999"/>
  <testcase name="When click Create New Account on Register Page​​​​​​​" classname="bla.tm.definitions.site.pantheon.CreateNewAccountDefinition" time="0.847"/>
  <testcase name="Then the message E-mail address field is required. is displayed" classname="bla.tm.definitions.site.pantheon.UserAppsDefinition" time="0.669"/>
  <testcase name="Then the message E-mail address field is required. is displayed" classname="bla.tm.definitions.site.pantheon.UserAppsDefinition" time="0.131"/>
  <testcase name="Then the message E-mail address field is required. is displayed" classname="bla.tm.definitions.site.pantheon.UserAppsDefinition" time="0.869"/>
  <testcase name="Then the message E-mail address field is required. is displayed" classname="bla.tm.definitions.site.pantheon.UserAppsDefinition" time="0.164"/>
  <testcase name="Scenario: |developer-acct.ticketmaster.com/user/register| [Create New Account - Email validation]" classname="Scenario: |developer-acct.ticketmaster.com/user/register| [Create New Account - Email validation]" time="0.198"/>
  <testcase name="CreateNewAccount.story" classname="CreateNewAccount.story" time="0.271"/>
  <testcase name="Given open Home page​​​​​​​​​​​​​​​​" classname="bla.tm.definitions.site.HomePageDefinition" time="2.255"/>
  <testcase name="When navigate to Pantheon LogIn page from Home page" classname="bla.tm.definitions.site.HomePageDefinition" time="0.76"/>
  <testcase name="When navigate to Pantheon User Account page from LogIn page" classname="bla.tm.definitions.site.pantheon.UserLogInDefinition" time="2.996"/>
  <testcase name="When navigate to Pantheon Edit Profile page from User Account page" classname="bla.tm.definitions.site.pantheon.UserAccountDefinition" time="2.905"/>
  <testcase name="Then check general page elements for Pantheon Edit Profile page" classname="bla.tm.definitions.site.pantheon.EditProfileDefinition" time="20.326"/>
  <testcase name="Scenario: |developer-acct.ticketmaster.com/user/1554/edit| Verification for general page&apos;s elements" classname="Scenario: |developer-acct.ticketmaster.com/user/1554/edit| Verification for general page&apos;s elements" time="20.354"/>
  <testcase name="EditProfile.story" classname="EditProfile.story" time="20.435"/>
  <testcase name="Given open Home page​​​​​​​​​​​​​​​​​" classname="bla.tm.definitions.site.HomePageDefinition" time="2.228"/>
  <testcase name="When navigate to Pantheon LogIn page from Home page​" classname="bla.tm.definitions.site.HomePageDefinition" time="0.864"/>
  <testcase name="When navigate to Pantheon Request New Password page from LogIn page" classname="bla.tm.definitions.site.pantheon.UserLogInDefinition" time="0.543"/>
  <testcase name="Then check general page elements for Pantheon Request New Password page" classname="bla.tm.definitions.site.pantheon.RequestNewPasswordDefinition" time="20.35"/>
  <testcase name="Scenario: |developer-acct.ticketmaster.com/user/password| Verification for general page&apos;s elements" classname="Scenario: |developer-acct.ticketmaster.com/user/password| Verification for general page&apos;s elements" time="20.38"/>
  <testcase name="RequestNewPassword.story" classname="RequestNewPassword.story" time="20.457"/>
  <testcase name="Given open Home page​​​​​​​​​​​​​​​​​​" classname="bla.tm.definitions.site.HomePageDefinition" time="3.997"/>
  <testcase name="When navigate to Pantheon LogIn page from Home page​​" classname="bla.tm.definitions.site.HomePageDefinition" time="1.151"/>
  <testcase name="When navigate to Pantheon User Account page from LogIn page​" classname="bla.tm.definitions.site.pantheon.UserLogInDefinition" time="2.554"/>
  <testcase name="Then check general page elements for Pantheon User Account page" classname="bla.tm.definitions.site.pantheon.UserAccountDefinition" time="20.412"/>
  <testcase name="Scenario: |developer-acct.ticketmaster.com/user/1554/apps| Verification for general page&apos;s elements [2.2.3.4 Login - Password field - enter valid password]" classname="Scenario: |developer-acct.ticketmaster.com/user/1554/apps| Verification for general page&apos;s elements [2.2.3.4 Login - Password field - enter valid password]" time="20.437"/>
  <testcase name="UserAccount.story" classname="UserAccount.story" time="20.507"/>
  <testcase name="When navigate to Pantheon Add New App page from User Account page" classname="bla.tm.definitions.site.pantheon.UserAccountDefinition" time="2.345"/>
  <testcase name="Then check general page elements for Pantheon Add New App page" classname="bla.tm.definitions.site.pantheon.UserAppsDefinition" time="0.94"/>
  <testcase name="Then check general page elements for Pantheon Add New App page" classname="bla.tm.definitions.site.pantheon.UserAppsDefinition" time="2.741"/>
  <testcase name="Then check general page elements for Pantheon Add New App page" classname="bla.tm.definitions.site.pantheon.UserAppsDefinition" time="1.428"/>
  <testcase name="Then check general page elements for Pantheon Add New App page" classname="bla.tm.definitions.site.pantheon.UserAppsDefinition" time="20.358"/>
  <testcase name="Scenario: |developer-acct.ticketmaster.com/user/1554/apps/add| Verification for general page&apos;s elements" classname="Scenario: |developer-acct.ticketmaster.com/user/1554/apps/add| Verification for general page&apos;s elements" time="20.418"/>
  <testcase name="Given navigate to Pantheon Add New App page from User Account page" classname="bla.tm.definitions.site.pantheon.UserAccountDefinition" time="4.711"/>
  <testcase name="When enter to the field &lt;appFormField&gt; value &lt;appName&gt;" classname="bla.tm.definitions.site.pantheon.UserAppsDefinition" time="1.626"/>
  <testcase name="When save changes on Edit App Page" classname="bla.tm.definitions.site.pantheon.UserAppsDefinition" time="3.024"/>
  <testcase name="Then the message &lt;message&gt; is displayed" classname="bla.tm.definitions.site.pantheon.UserAppsDefinition" time="1.388"/>
  <testcase name="Then the message &lt;message&gt; is displayed" classname="bla.tm.definitions.site.pantheon.UserAppsDefinition" time="0.245"/>
  <testcase name="Then the message &lt;message&gt; is displayed" classname="bla.tm.definitions.site.pantheon.UserAppsDefinition" time="1.942"/>
  <testcase name="Then the message &lt;message&gt; is displayed" classname="bla.tm.definitions.site.pantheon.UserAppsDefinition" time="0.516"/>
  <testcase name="Given navigate to Pantheon Add New App page from User Account page​" classname="bla.tm.definitions.site.pantheon.UserAccountDefinition" time="4.42"/>
  <testcase name="When enter to the field &lt;appFormField&gt; value &lt;appName&gt;​" classname="bla.tm.definitions.site.pantheon.UserAppsDefinition" time="1.509"/>
  <testcase name="When save changes on Edit App Page​" classname="bla.tm.definitions.site.pantheon.UserAppsDefinition" time="3.177"/>
  <testcase name="Then the message &lt;message&gt; is displayed​" classname="bla.tm.definitions.site.pantheon.UserAppsDefinition" time="1.547"/>
  <testcase name="Then the message &lt;message&gt; is displayed​" classname="bla.tm.definitions.site.pantheon.UserAppsDefinition" time="0.315"/>
  <testcase name="Then the message &lt;message&gt; is displayed​" classname="bla.tm.definitions.site.pantheon.UserAppsDefinition" time="1.679"/>
  <testcase name="Then the message &lt;message&gt; is displayed​" classname="bla.tm.definitions.site.pantheon.UserAppsDefinition" time="0.801"/>
  <testcase name="Scenario: |Pantheon|Add new App| Add new App negative [2.1.15 Add New App - The required field is empty]" classname="Scenario: |Pantheon|Add new App| Add new App negative [2.1.15 Add New App - The required field is empty]" time="0.877"/>
  <testcase name="Given navigate to Pantheon Add New App page from User Account page​​" classname="bla.tm.definitions.site.pantheon.UserAccountDefinition" time="3.393"/>
  <testcase name="When enter to the field Application name value uniqueApp" classname="bla.tm.definitions.site.pantheon.UserAppsDefinition" time="0.962"/>
  <testcase name="When enter to the field Redirect URI value https://oauth.ticketmaster.com" classname="bla.tm.definitions.site.pantheon.UserAppsDefinition" time="2.851"/>
  <testcase name="And save changes on Edit App Page" classname="bla.tm.definitions.site.pantheon.UserAppsDefinition" time="1.049"/>
  <testcase name="Then the message App Created! is displayed" classname="bla.tm.definitions.site.pantheon.UserAppsDefinition" time="0.203"/>
  <testcase name="Then open my Apps page" classname="bla.tm.definitions.site.pantheon.UserAppsDefinition" time="0.172"/>
  <testcase name="And the App is appeared in the list of apps" classname="bla.tm.definitions.site.pantheon.UserAppsDefinition" time="8.289"/>
  <testcase name="And the App is appeared in the list of apps" classname="bla.tm.definitions.site.pantheon.UserAppsDefinition" time="0.675"/>
  <testcase name="And the App is appeared in the list of apps" classname="bla.tm.definitions.site.pantheon.UserAppsDefinition" time="0.166"/>
  <testcase name="And the App is appeared in the list of apps" classname="bla.tm.definitions.site.pantheon.UserAppsDefinition" time="0.183"/>
  <testcase name="Scenario: |Pantheon|Add new App| [2.1.5 Add new App with values positive]" classname="Scenario: |Pantheon|Add new App| [2.1.5 Add new App with values positive]" time="0.215"/>
  <testcase name="Given open my Apps page" classname="bla.tm.definitions.site.pantheon.UserAppsDefinition" time="4.507"/>
  <testcase name="And open Edit App Page for the first application" classname="bla.tm.definitions.site.pantheon.UserAppsDefinition" time="0.981"/>
  <testcase name="When clear field &lt;appFormField&gt; on Edit App Page" classname="bla.tm.definitions.site.pantheon.UserAppsDefinition" time="4.503"/>
  <testcase name="And save changes on Edit App Page​" classname="bla.tm.definitions.site.pantheon.UserAppsDefinition" time="0.231"/>
  <testcase name="Then the message &lt;formError&gt; is displayed" classname="bla.tm.definitions.site.pantheon.UserAppsDefinition" time="0.4"/>
  <testcase name="Then the message &lt;formError&gt; is displayed" classname="bla.tm.definitions.site.pantheon.UserAppsDefinition" time="3.049"/>
  <testcase name="Then the message &lt;formError&gt; is displayed" classname="bla.tm.definitions.site.pantheon.UserAppsDefinition" time="3.17"/>
  <testcase name="Then the message &lt;formError&gt; is displayed" classname="bla.tm.definitions.site.pantheon.UserAppsDefinition" time="0.646"/>
  <testcase name="Given open my Apps page​" classname="bla.tm.definitions.site.pantheon.UserAppsDefinition" time="3.698"/>
  <testcase name="And open Edit App Page for the first application​" classname="bla.tm.definitions.site.pantheon.UserAppsDefinition" time="1.067"/>
  <testcase name="When clear field &lt;appFormField&gt; on Edit App Page​" classname="bla.tm.definitions.site.pantheon.UserAppsDefinition" time="3.684"/>
  <testcase name="And save changes on Edit App Page​​" classname="bla.tm.definitions.site.pantheon.UserAppsDefinition" time="0.388"/>
  <testcase name="Then the message &lt;formError&gt; is displayed​" classname="bla.tm.definitions.site.pantheon.UserAppsDefinition" time="0.324"/>
  <testcase name="Then the message &lt;formError&gt; is displayed​" classname="bla.tm.definitions.site.pantheon.UserAppsDefinition" time="2.713"/>
  <testcase name="Then the message &lt;formError&gt; is displayed​" classname="bla.tm.definitions.site.pantheon.UserAppsDefinition" time="3.498"/>
  <testcase name="Then the message &lt;formError&gt; is displayed​" classname="bla.tm.definitions.site.pantheon.UserAppsDefinition" time="0.571"/>
  <testcase name="Scenario: |Pantheon|Edit App| Edit app with empty required fields negative" classname="Scenario: |Pantheon|Edit App| Edit app with empty required fields negative" time="0.634"/>
  <testcase name="Given open my Apps page​​" classname="bla.tm.definitions.site.pantheon.UserAppsDefinition" time="3.714"/>
  <testcase name="And open Edit App Page for the first application​​" classname="bla.tm.definitions.site.pantheon.UserAppsDefinition" time="0.87"/>
  <testcase name="When clear field &lt;appFormField&gt; on Edit App Page​​" classname="bla.tm.definitions.site.pantheon.UserAppsDefinition" time="4.069"/>
  <testcase name="And enter to the field &lt;appFormField&gt; value &lt;appValue&gt;" classname="bla.tm.definitions.site.pantheon.UserAppsDefinition" time="0.247"/>
  <testcase name="And save changes on Edit App Page​​​" classname="bla.tm.definitions.site.pantheon.UserAppsDefinition" time="0.285"/>
  <testcase name="And the message App Updated! is displayed" classname="bla.tm.definitions.site.pantheon.UserAppsDefinition" time="3.088"/>
  <testcase name="And open my Apps page" classname="bla.tm.definitions.site.pantheon.UserAppsDefinition" time="0.056"/>
  <testcase name="And open Details tab on the application" classname="bla.tm.definitions.site.pantheon.UserAppsDefinition" time="8.112"/>
  <testcase name="Then &lt;detailName&gt; have been applied on Edit App Page with value &lt;appValue&gt;" classname="bla.tm.definitions.site.pantheon.UserAppsDefinition" time="0.681"/>
  <testcase name="Then &lt;detailName&gt; have been applied on Edit App Page with value &lt;appValue&gt;" classname="bla.tm.definitions.site.pantheon.UserAppsDefinition" time="0.12"/>
  <testcase name="Then &lt;detailName&gt; have been applied on Edit App Page with value &lt;appValue&gt;" classname="bla.tm.definitions.site.pantheon.UserAppsDefinition" time="0.248"/>
  <testcase name="Then &lt;detailName&gt; have been applied on Edit App Page with value &lt;appValue&gt;" classname="bla.tm.definitions.site.pantheon.UserAppsDefinition" time="0.656">
    <failure message="expected:&lt;[kggqhdie]&gt; but was:&lt;[mamax-Appdf]&gt;" type="org.junit.ComparisonFailure"><![CDATA[org.junit.ComparisonFailure: expected:<[kggqhdie]> but was:<[mamax-Appdf]>
	at bla.tm.definitions.site.pantheon.UserAppsDefinition.changesHaveApplied(UserAppsDefinition.java:63)
]]></failure>
    <system-out><![CDATA[And open Details tab on the application
]]></system-out>
  </testcase>
  <testcase name="Given open my Apps page​​​" classname="bla.tm.definitions.site.pantheon.UserAppsDefinition" time="2.31"/>
  <testcase name="And open Edit App Page for the first application​​​" classname="bla.tm.definitions.site.pantheon.UserAppsDefinition" time="0.839"/>
  <testcase name="When clear field &lt;appFormField&gt; on Edit App Page​​​" classname="bla.tm.definitions.site.pantheon.UserAppsDefinition" time="4.228"/>
  <testcase name="And enter to the field &lt;appFormField&gt; value &lt;appValue&gt;​" classname="bla.tm.definitions.site.pantheon.UserAppsDefinition" time="0.135"/>
  <testcase name="And save changes on Edit App Page​​​​" classname="bla.tm.definitions.site.pantheon.UserAppsDefinition" time="0.263"/>
  <testcase name="And the message App Updated! is displayed​" classname="bla.tm.definitions.site.pantheon.UserAppsDefinition" time="2.781"/>
  <testcase name="And open my Apps page​" classname="bla.tm.definitions.site.pantheon.UserAppsDefinition" time="0.097"/>
  <testcase name="And open Details tab on the application​" classname="bla.tm.definitions.site.pantheon.UserAppsDefinition" time="8.512"/>
  <testcase name="Then &lt;detailName&gt; have been applied on Edit App Page with value &lt;appValue&gt;​" classname="bla.tm.definitions.site.pantheon.UserAppsDefinition" time="0.658"/>
  <testcase name="Then &lt;detailName&gt; have been applied on Edit App Page with value &lt;appValue&gt;​" classname="bla.tm.definitions.site.pantheon.UserAppsDefinition" time="0.089"/>
  <testcase name="Then &lt;detailName&gt; have been applied on Edit App Page with value &lt;appValue&gt;​" classname="bla.tm.definitions.site.pantheon.UserAppsDefinition" time="0.16"/>
  <testcase name="Then &lt;detailName&gt; have been applied on Edit App Page with value &lt;appValue&gt;​" classname="bla.tm.definitions.site.pantheon.UserAppsDefinition" time="0.147"/>
  <testcase name="Scenario: |Pantheon|Edit App| Edit app positive [2.1.8 Edit application]" classname="Scenario: |Pantheon|Edit App| Edit app positive [2.1.8 Edit application]" time="0.215">
    <failure message="scenario failed!" type="java.lang.AssertionError">java.lang.AssertionError: scenario failed!
</failure>
    <system-out><![CDATA[Then Callback URL have been applied on Edit App Page with value https://oauth.ticketmaster.com

]]></system-out>
  </testcase>
  <testcase name="Given open my Apps page​​​​" classname="bla.tm.definitions.site.pantheon.UserAppsDefinition" time="3.809"/>
  <testcase name="When delete first App" classname="bla.tm.definitions.site.pantheon.UserAppsDefinition" time="0.808"/>
  <testcase name="Then the message App Deleted! is displayed" classname="bla.tm.definitions.site.pantheon.UserAppsDefinition" time="4.202"/>
  <testcase name="And the predefined app is removed from the list of apps" classname="bla.tm.definitions.site.pantheon.UserAppsDefinition" time="0.215"/>
  <testcase name="And the predefined app is removed from the list of apps" classname="bla.tm.definitions.site.pantheon.UserAppsDefinition" time="10.936"/>
  <testcase name="And the predefined app is removed from the list of apps" classname="bla.tm.definitions.site.pantheon.UserAppsDefinition" time="0.704"/>
  <testcase name="And the predefined app is removed from the list of apps" classname="bla.tm.definitions.site.pantheon.UserAppsDefinition" time="0.461">
    <failure type="java.lang.AssertionError">java.lang.AssertionError
	at bla.tm.definitions.site.pantheon.UserAppsDefinition.appIsRemovedFromTheListOfApps(UserAppsDefinition.java:84)
</failure>
    <system-out><![CDATA[Then the message App Deleted! is displayed
]]></system-out>
  </testcase>
  <testcase name="Scenario: |Pantheon|Delete App| Delete App positive [2.1.9 Delete application]" classname="Scenario: |Pantheon|Delete App| Delete App positive [2.1.9 Delete application]" time="0.478">
    <failure message="scenario failed!" type="java.lang.AssertionError">java.lang.AssertionError: scenario failed!
</failure>
    <system-out><![CDATA[And the predefined app is removed from the list of apps (FAILED)
(java.lang.AssertionError)
]]></system-out>
  </testcase>
  <testcase name="UserApps.story" classname="UserApps.story" time="0.556">
    <failure message="story failed!" type="java.lang.AssertionError">java.lang.AssertionError: story failed!
</failure>
    <system-out><![CDATA[
java.lang.AssertionError
	at org.junit.Assert.fail(Assert.java:86)
	at org.junit.Assert.assertTrue(Assert.java:41)
	at org.junit.Assert.assertFalse(Assert.java:64)
	at org.junit.Assert.assertFalse(Assert.java:74)
	at bla.tm.steps.pantheon.UserAppsSteps.checkIsAppNotExists(UserAppsSteps.java:76)
	at bla.tm.steps.pantheon.UserAppsSteps$$EnhancerByCGLIB$$50ba2e50.CGLIB$checkIsAppNotExists$12(<generated>)
	at bla.tm.steps.pantheon.UserAppsSteps$$EnhancerByCGLIB$$50ba2e50$$FastClassByCGLIB$$12002a3a.invoke(<generated>)
	at net.sf.cglib.proxy.MethodProxy.invokeSuper(MethodProxy.java:228)
	at net.thucydides.core.steps.StepInterceptor.invokeMethod(StepInterceptor.java:372)
	at net.thucydides.core.steps.StepInterceptor.executeTestStepMethod(StepInterceptor.java:357)
	at net.thucydides.core.steps.StepInterceptor.runTestStep(StepInterceptor.java:332)
	at net.thucydides.core.steps.StepInterceptor.testStepResult(StepInterceptor.java:134)
	at net.thucydides.core.steps.StepInterceptor.intercept(StepInterceptor.java:61)
	at bla.tm.steps.pantheon.UserAppsSteps$$EnhancerByCGLIB$$50ba2e50.checkIsAppNotExists(<generated>)
	at bla.tm.definitions.site.pantheon.UserAppsDefinition.appIsRemovedFromTheListOfApps(UserAppsDefinition.java:84)
	(reflection-invoke)
	at org.jbehave.core.steps.StepCreator$ParametrisedStep.perform(StepCreator.java:733)
	at org.jbehave.core.embedder.PerformableTree$FineSoFar.run(PerformableTree.java:346)
...
]]></system-out>
    <system-err><![CDATA[[pool-1-thread-1] ERROR net.serenitybdd.core.Serenity - 
           __  _____ _____ ____ _____   _____ _    ___ _     _____ ____  
  _       / / |_   _| ____/ ___|_   _| |  ___/ \  |_ _| |   | ____|  _ \ 
 (_)_____| |    | | |  _| \___ \ | |   | |_ / _ \  | || |   |  _| | | | |
  _|_____| |    | | | |___ ___) || |   |  _/ ___ \ | || |___| |___| |_| |
 (_)     | |    |_| |_____|____/ |_|   |_|/_/   \_\___|_____|_____|____/ 
          \_\                                                            

TEST FAILED: (Pantheon|Delete App) Delete App positive [2.1.9 Delete application]
--------------------------------------------------------------------------
[pool-1-thread-1] ERROR net.serenitybdd.core.Serenity - TEST FAILED AT STEP Check is app not exists
[pool-1-thread-1] ERROR net.serenitybdd.core.Serenity - 
]]></system-err>
  </testcase>
  <testcase name="Then check general page elements for Pantheon User LogIn page" classname="bla.tm.definitions.site.pantheon.UserLogInDefinition" time="2.422"/>
  <testcase name="Then check general page elements for Pantheon User LogIn page" classname="bla.tm.definitions.site.pantheon.UserLogInDefinition" time="0.958"/>
  <testcase name="Then check general page elements for Pantheon User LogIn page" classname="bla.tm.definitions.site.pantheon.UserLogInDefinition" time="20.245"/>
  <testcase name="Scenario: |developer-acct.ticketmaster.com/user/login| Verification for general page&apos;s elements" classname="Scenario: |developer-acct.ticketmaster.com/user/login| Verification for general page&apos;s elements" time="20.268"/>
  <testcase name="When login to Pantheon with invaliduserName and 1234567" classname="bla.tm.definitions.site.pantheon.UserLogInDefinition" time="3.48"/>
  <testcase name="Then the message Sorry, unrecognized username or password. Have you forgotten your password? is displayed" classname="bla.tm.definitions.site.pantheon.UserAppsDefinition" time="1.113"/>
  <testcase name="Then the message Sorry, unrecognized username or password. Have you forgotten your password? is displayed" classname="bla.tm.definitions.site.pantheon.UserAppsDefinition" time="0.706"/>
  <testcase name="Then the message Sorry, unrecognized username or password. Have you forgotten your password? is displayed" classname="bla.tm.definitions.site.pantheon.UserAppsDefinition" time="0.272"/>
  <testcase name="Scenario: |developer-acct.ticketmaster.com/user/login| [2.2.3.2 Login - Username/Email field - enter invalid username]" classname="Scenario: |developer-acct.ticketmaster.com/user/login| [2.2.3.2 Login - Username/Email field - enter invalid username]" time="0.31"/>
  <testcase name="When login to Pantheon using OpenID invalidOpenID" classname="bla.tm.definitions.site.pantheon.UserLogInDefinition" time="5.273"/>
  <testcase name="Then the message Sorry, that is not a valid OpenID. Ensure you have spelled your ID correctly. is displayed" classname="bla.tm.definitions.site.pantheon.UserAppsDefinition" time="0.873"/>
  <testcase name="Then the message Sorry, that is not a valid OpenID. Ensure you have spelled your ID correctly. is displayed" classname="bla.tm.definitions.site.pantheon.UserAppsDefinition" time="0.906"/>
  <testcase name="Then the message Sorry, that is not a valid OpenID. Ensure you have spelled your ID correctly. is displayed" classname="bla.tm.definitions.site.pantheon.UserAppsDefinition" time="0.358"/>
  <testcase name="Scenario: |developer-acct.ticketmaster.com/user/login| [2.2.3.8 Login - OpenID field - invalid OpenID]" classname="Scenario: |developer-acct.ticketmaster.com/user/login| [2.2.3.8 Login - OpenID field - invalid OpenID]" time="0.389"/>
  <testcase name="UserLogIn.story" classname="UserLogIn.story" time="0.454"/>
  <testcase name="Given open Partners page" classname="bla.tm.definitions.site.partners.PartnersDefinition" time="2.114"/>
  <testcase name="Then check general page elements for Partners Page, where DISQUS = false and LeftMenu = false" classname="bla.tm.definitions.site.partners.PartnersDefinition" time="20.289"/>
  <testcase name="Scenario: |/partners/| Verification for general page&apos;s elements" classname="Scenario: |/partners/| Verification for general page&apos;s elements" time="20.318"/>
  <testcase name="Partners.story" classname="Partners.story" time="20.38"/>
  <testcase name="Given open Certified Partners page" classname="bla.tm.definitions.site.partners.Partners_CertifiedPartnersDefinition" time="2.834"/>
  <testcase name="Then check general page elements for Certified Partners Page, where DISQUS = false and LeftMenu = true" classname="bla.tm.definitions.site.partners.Partners_CertifiedPartnersDefinition" time="10.29"/>
  <testcase name="Scenario: |/partners/certified-partners/| Verification for general page&apos;s elements" classname="Scenario: |/partners/certified-partners/| Verification for general page&apos;s elements" time="10.335"/>
  <testcase name="Partners_CertifiedPartners.story" classname="Partners_CertifiedPartners.story" time="10.401"/>
  <testcase name="Given open Distribution Partners page" classname="bla.tm.definitions.site.partners.Partners_DistributionPartnersDefinition" time="3.536"/>
  <testcase name="Then check general page elements for Distribution Partners Page, where DISQUS = true and LeftMenu = true" classname="bla.tm.definitions.site.partners.Partners_DistributionPartnersDefinition" time="0.603"/>
  <testcase name="Scenario: |/partners/distribution-partners/| Verification for general page&apos;s elements" classname="Scenario: |/partners/distribution-partners/| Verification for general page&apos;s elements" time="0.639"/>
  <testcase name="Partners_DistributionPartners.story" classname="Partners_DistributionPartners.story" time="0.707"/>
  <testcase name="Given open Join The Nexus Program page" classname="bla.tm.definitions.site.partners.Partners_NexusDefinition" time="2.044"/>
  <testcase name="Then check general page elements for Join The Nexus Program Page, where DISQUS = true and LeftMenu = true" classname="bla.tm.definitions.site.partners.Partners_NexusDefinition" time="0.749"/>
  <testcase name="Scenario: |/partners/certified-partners/nexus/| Verification for general page&apos;s elements" classname="Scenario: |/partners/certified-partners/nexus/| Verification for general page&apos;s elements" time="0.81"/>
  <testcase name="Partners_Nexus.story" classname="Partners_Nexus.story" time="0.941"/>
  <testcase name="Given open Startups and Developers page" classname="bla.tm.definitions.site.partners.Partners_StartupsDevelopersDefinition" time="4.776"/>
  <testcase name="Then check general page elements for Startups and Developers Page, where DISQUS = true and LeftMenu = true" classname="bla.tm.definitions.site.partners.Partners_StartupsDevelopersDefinition" time="0.399"/>
  <testcase name="Scenario: |/partners/startups-and-developers/| Verification for general page&apos;s elements" classname="Scenario: |/partners/startups-and-developers/| Verification for general page&apos;s elements" time="0.442"/>
  <testcase name="Partners_StartupsDevelopers.story" classname="Partners_StartupsDevelopers.story" time="0.504"/>
  <testcase name="Given open Products and Docs page" classname="bla.tm.definitions.site.products_and_docs.PD_Definition" time="1.964"/>
  <testcase name="Then check general page elements for Products and Docs Page, where DISQUS = false and LeftMenu = false" classname="bla.tm.definitions.site.products_and_docs.PD_Definition" time="40.284"/>
  <testcase name="Scenario: |/support/| Verification for general page&apos;s elements" classname="Scenario: |/support/| Verification for general page&apos;s elements" time="40.306"/>
  <testcase name="PD.story" classname="PD.story" time="40.368"/>
  <testcase name="Given open API Explorer page" classname="bla.tm.definitions.site.products_and_docs.PD_APIExplorerDefinition" time="3.554"/>
  <testcase name="Then check general page elements for API Explorer Page, where DISQUS = true and LeftMenu = false" classname="bla.tm.definitions.site.products_and_docs.PD_APIExplorerDefinition" time="10.848"/>
  <testcase name="Scenario: |/api-explorer/| Verification for general page&apos;s elements" classname="Scenario: |/api-explorer/| Verification for general page&apos;s elements" time="10.872"/>
  <testcase name="PD_APIExplorer.story" classname="PD_APIExplorer.story" time="10.935"/>
  <testcase name="Given open ChangeLog page" classname="bla.tm.definitions.site.products_and_docs.PD_ChangeLogDefinition" time="1.745"/>
  <testcase name="Then check general page elements for ChangeLog Page, where DISQUS = true and LeftMenu = true" classname="bla.tm.definitions.site.products_and_docs.PD_ChangeLogDefinition" time="0.256"/>
  <testcase name="Scenario: |/products-and-docs/apis/changelog/| Verification for general page&apos;s elements" classname="Scenario: |/products-and-docs/apis/changelog/| Verification for general page&apos;s elements" time="0.73"/>
  <testcase name="PD_ChangeLog.story" classname="PD_ChangeLog.story" time="0.805"/>
  <testcase name="Given open Commerce API page" classname="bla.tm.definitions.site.products_and_docs.PD_ComerceAPIDefinition" time="4.196"/>
  <testcase name="Then check general page elements for Commerce API Page, where DISQUS = true and LeftMenu = true" classname="bla.tm.definitions.site.products_and_docs.PD_ComerceAPIDefinition" time="0.979"/>
  <testcase name="Scenario: |/products-and-docs/apis/commerce/| Verification for general page&apos;s elements" classname="Scenario: |/products-and-docs/apis/commerce/| Verification for general page&apos;s elements" time="1.013"/>
  <testcase name="PD_CommerceAPI.story" classname="PD_CommerceAPI.story" time="1.086"/>
  <testcase name="Given open Deals API page" classname="bla.tm.definitions.site.products_and_docs.PD_DealsAPIDefinition" time="3.17"/>
  <testcase name="Then check general page elements for Deals API Page, where DISQUS = true and LeftMenu = true" classname="bla.tm.definitions.site.products_and_docs.PD_DealsAPIDefinition" time="0.457"/>
  <testcase name="Scenario: |/products-and-docs/apis/deals-api/| Verification for general page&apos;s elements" classname="Scenario: |/products-and-docs/apis/deals-api/| Verification for general page&apos;s elements" time="0.482"/>
  <testcase name="PD_DealsAPI.story" classname="PD_DealsAPI.story" time="0.546"/>
  <testcase name="Given open Discovery API v1 page" classname="bla.tm.definitions.site.products_and_docs.PD_DiscoveryAPIv1Definition" time="4.729"/>
  <testcase name="Then check general page elements for Discovery API v1 Page, where DISQUS = true and LeftMenu = true" classname="bla.tm.definitions.site.products_and_docs.PD_DiscoveryAPIv1Definition" time="0.687"/>
  <testcase name="Scenario: |/products-and-docs/apis/discovery-api/v1/| Verification for general page&apos;s elements" classname="Scenario: |/products-and-docs/apis/discovery-api/v1/| Verification for general page&apos;s elements" time="0.71"/>
  <testcase name="PD_DiscoveryAPIV1.story" classname="PD_DiscoveryAPIV1.story" time="0.772"/>
  <testcase name="Given open Discovery API v2 page" classname="bla.tm.definitions.site.products_and_docs.PD_DiscoveryAPIv2Definition" time="5.593"/>
  <testcase name="Then check general page elements for Discovery API v2 Page, where DISQUS = true and LeftMenu = true" classname="bla.tm.definitions.site.products_and_docs.PD_DiscoveryAPIv2Definition" time="1.882"/>
  <testcase name="Scenario: |/products-and-docs/apis/discovery/v2/| Verification for general page&apos;s elements" classname="Scenario: |/products-and-docs/apis/discovery/v2/| Verification for general page&apos;s elements" time="2.004"/>
  <testcase name="PD_DiscoveryAPIV2.story" classname="PD_DiscoveryAPIV2.story" time="2.069"/>
  <testcase name="Given open Commerce API page​" classname="bla.tm.definitions.site.products_and_docs.PD_ComerceAPIDefinition" time="3.304"/>
  <testcase name="When Commerce API menu has list of methods" classname="bla.tm.definitions.site.products_and_docs.PD_ComerceAPIDefinition" time="128.022"/>
  <testcase name="And open Getting Started page" classname="bla.tm.definitions.site.products_and_docs.PD_GettingStartedDefinition" time="0.593"/>
  <testcase name="Then all the Commerce API methods are shown on Getting Started page" classname="bla.tm.definitions.site.products_and_docs.PD_GettingStartedDefinition" time="41.204"/>
  <testcase name="Scenario: |/products-and-docs/apis/getting-started/| TKMDPA-874 Commerce API links in Available Resources table" classname="Scenario: |/products-and-docs/apis/getting-started/| TKMDPA-874 Commerce API links in Available Resources table" time="42.054"/>
  <testcase name="Given open Getting Started page" classname="bla.tm.definitions.site.products_and_docs.PD_GettingStartedDefinition" time="1.828"/>
  <testcase name="Then check general page elements for Getting Started Page, where DISQUS = true and LeftMenu = true" classname="bla.tm.definitions.site.products_and_docs.PD_GettingStartedDefinition" time="1.362"/>
  <testcase name="Scenario: |/products-and-docs/apis/getting-started/| Verification for general page&apos;s elements" classname="Scenario: |/products-and-docs/apis/getting-started/| Verification for general page&apos;s elements" time="1.445"/>
  <testcase name="PD_GettingStarted.story" classname="PD_GettingStarted.story" time="1.513"/>
  <testcase name="Given open International Discovery API page" classname="bla.tm.definitions.site.products_and_docs.PD_InternationalDiscoveryAPIDefinition" time="4.179"/>
  <testcase name="Then check general page elements for International Discovery API Page, where DISQUS = true and LeftMenu = true" classname="bla.tm.definitions.site.products_and_docs.PD_InternationalDiscoveryAPIDefinition" time="1.864"/>
  <testcase name="Scenario: |/products-and-docs/apis/international-discovery/| Verification for general page&apos;s elements" classname="Scenario: |/products-and-docs/apis/international-discovery/| Verification for general page&apos;s elements" time="1.916"/>
  <testcase name="PD_InternationalDiscoveryAPI.story" classname="PD_InternationalDiscoveryAPI.story" time="1.979"/>
  <testcase name="Given open Inventory Status API page" classname="bla.tm.definitions.site.products_and_docs.PD_InventoryStatusAPIDefinition" time="2.448"/>
  <testcase name="Then check general page elements for Inventory Status API Page, where DISQUS = true and LeftMenu = true" classname="bla.tm.definitions.site.products_and_docs.PD_InventoryStatusAPIDefinition" time="0.397"/>
  <testcase name="Scenario: |/products-and-docs/apis/inventory-status/| Verification for general page&apos;s elements" classname="Scenario: |/products-and-docs/apis/inventory-status/| Verification for general page&apos;s elements" time="0.48"/>
  <testcase name="PD_InventoryStatusAPI.story" classname="PD_InventoryStatusAPI.story" time="0.546"/>
  <testcase name="Given open Oauth API page" classname="bla.tm.definitions.site.products_and_docs.PD_OauthAPIDefinition" time="3.46"/>
  <testcase name="Then check general page elements for Oauth API Page, where DISQUS = true and LeftMenu = true" classname="bla.tm.definitions.site.products_and_docs.PD_OauthAPIDefinition" time="0.207"/>
  <testcase name="Scenario: |/products-and-docs/apis/oauth/| Verification for general page&apos;s elements" classname="Scenario: |/products-and-docs/apis/oauth/| Verification for general page&apos;s elements" time="0.23"/>
  <testcase name="PD_OauthAPI.story" classname="PD_OauthAPI.story" time="0.291"/>
  <testcase name="Given open Partner API page" classname="bla.tm.definitions.site.products_and_docs.PD_PartnerAPIDefinition" time="3.49"/>
  <testcase name="Then check general page elements for Partner API Page, where DISQUS = true and LeftMenu = true" classname="bla.tm.definitions.site.products_and_docs.PD_PartnerAPIDefinition" time="0.742"/>
  <testcase name="Scenario: |/products-and-docs/apis/partner/| Verification for general page&apos;s elements" classname="Scenario: |/products-and-docs/apis/partner/| Verification for general page&apos;s elements" time="0.765"/>
  <testcase name="PD_PartnerAPI.story" classname="PD_PartnerAPI.story" time="0.828"/>
  <testcase name="Given open Publish API page" classname="bla.tm.definitions.site.products_and_docs.PD_PublishAPIDefinition" time="3.433"/>
  <testcase name="Then check general page elements for Publish API Page, where DISQUS = true and LeftMenu = true" classname="bla.tm.definitions.site.products_and_docs.PD_PublishAPIDefinition" time="0.505"/>
  <testcase name="Scenario: |/products-and-docs/apis/publish/| Verification for general page&apos;s elements" classname="Scenario: |/products-and-docs/apis/publish/| Verification for general page&apos;s elements" time="0.539"/>
  <testcase name="PD_PublishAPI.story" classname="PD_PublishAPI.story" time="0.617"/>
  <testcase name="Given open SDKs page" classname="bla.tm.definitions.site.products_and_docs.PD_SDKsDefinition" time="2.548"/>
  <testcase name="Then check general page elements for SDKs Page, where DISQUS = true and LeftMenu = true" classname="bla.tm.definitions.site.products_and_docs.PD_SDKsDefinition" time="0.606"/>
  <testcase name="Scenario: |/products-and-docs/sdks/| Verification for general page&apos;s elements" classname="Scenario: |/products-and-docs/sdks/| Verification for general page&apos;s elements" time="0.645"/>
  <testcase name="Given open SDKs page​" classname="bla.tm.definitions.site.products_and_docs.PD_SDKsDefinition" time="3.176"/>
  <testcase name="When check visibility and click &lt;elementKey&gt; element of SDKs page" classname="bla.tm.definitions.site.products_and_docs.PD_SDKsDefinition" time="1.22"/>
  <testcase name="Then check that new page opened from SDKs page has &lt;pageURL&gt; and &lt;pageTitle&gt;" classname="bla.tm.definitions.site.products_and_docs.PD_SDKsDefinition" time="1.129"/>
  <testcase name="Given open SDKs page​​" classname="bla.tm.definitions.site.products_and_docs.PD_SDKsDefinition" time="2.693"/>
  <testcase name="When check visibility and click &lt;elementKey&gt; element of SDKs page​" classname="bla.tm.definitions.site.products_and_docs.PD_SDKsDefinition" time="1"/>
  <testcase name="Then check that new page opened from SDKs page has &lt;pageURL&gt; and &lt;pageTitle&gt;​" classname="bla.tm.definitions.site.products_and_docs.PD_SDKsDefinition" time="0.779"/>
  <testcase name="Given open SDKs page​​​" classname="bla.tm.definitions.site.products_and_docs.PD_SDKsDefinition" time="3.297"/>
  <testcase name="When check visibility and click &lt;elementKey&gt; element of SDKs page​​" classname="bla.tm.definitions.site.products_and_docs.PD_SDKsDefinition" time="1.044"/>
  <testcase name="Then check that new page opened from SDKs page has &lt;pageURL&gt; and &lt;pageTitle&gt;​​" classname="bla.tm.definitions.site.products_and_docs.PD_SDKsDefinition" time="1.139"/>
  <testcase name="Scenario: |products-and-docs/sdks/| Verification for all the page&apos;s links" classname="Scenario: |products-and-docs/sdks/| Verification for all the page&apos;s links" time="1.206"/>
  <testcase name="PD_SDKs.story" classname="PD_SDKs.story" time="1.208"/>
  <testcase name="Given open Season Ticketing API page" classname="bla.tm.definitions.site.products_and_docs.PD_SeasonTicketingAPIDefinition" time="1.928"/>
  <testcase name="Then check general page elements for Season Ticketing API Page, where DISQUS = true and LeftMenu = true" classname="bla.tm.definitions.site.products_and_docs.PD_SeasonTicketingAPIDefinition" time="0.938"/>
  <testcase name="Scenario: |/api-explorer/| Verification for general page&apos;s elements​" classname="Scenario: |/api-explorer/| Verification for general page&apos;s elements​" time="0.961"/>
  <testcase name="PD_SeasonTicketingAPI.story" classname="PD_SeasonTicketingAPI.story" time="1.035"/>
  <testcase name="Given open Top Picks API page" classname="bla.tm.definitions.site.products_and_docs.PD_TopPicksAPIDefinition" time="1.996"/>
  <testcase name="Then check general page elements for Top Picks API Page, where DISQUS = true and LeftMenu = true" classname="bla.tm.definitions.site.products_and_docs.PD_TopPicksAPIDefinition" time="0.64"/>
  <testcase name="Scenario: |/api-explorer/| Verification for general page&apos;s elements​​" classname="Scenario: |/api-explorer/| Verification for general page&apos;s elements​​" time="0.665"/>
  <testcase name="PD_TopPicksAPI.story" classname="PD_TopPicksAPI.story" time="0.775"/>
  <testcase name="Given open Tutorials page" classname="bla.tm.definitions.site.products_and_docs.PD_TutorialsDefinition" time="1.718"/>
  <testcase name="Then check general page elements for Tutorials Page, where DISQUS = false and LeftMenu = true" classname="bla.tm.definitions.site.products_and_docs.PD_TutorialsDefinition" time="10.179"/>
  <testcase name="Scenario: |/products-and-docs/tutorials/| Verification for general page&apos;s elements" classname="Scenario: |/products-and-docs/tutorials/| Verification for general page&apos;s elements" time="10.204"/>
  <testcase name="Given open Tutorials page​" classname="bla.tm.definitions.site.products_and_docs.PD_TutorialsDefinition" time="4.486"/>
  <testcase name="When check visibility and click &lt;elementKey&gt; element of Tutorials page" classname="bla.tm.definitions.site.products_and_docs.PD_TutorialsDefinition" time="3.86"/>
  <testcase name="Then check that new page opened from Tutorials page has &lt;pageURL&gt; and &lt;pageTitle&gt;" classname="bla.tm.definitions.site.products_and_docs.PD_TutorialsDefinition" time="0.066"/>
  <testcase name="Given open Tutorials page​​" classname="bla.tm.definitions.site.products_and_docs.PD_TutorialsDefinition" time="1.922"/>
  <testcase name="When check visibility and click &lt;elementKey&gt; element of Tutorials page​" classname="bla.tm.definitions.site.products_and_docs.PD_TutorialsDefinition" time="2.108"/>
  <testcase name="Then check that new page opened from Tutorials page has &lt;pageURL&gt; and &lt;pageTitle&gt;​" classname="bla.tm.definitions.site.products_and_docs.PD_TutorialsDefinition" time="0.104"/>
  <testcase name="Given open Tutorials page​​​" classname="bla.tm.definitions.site.products_and_docs.PD_TutorialsDefinition" time="2.447"/>
  <testcase name="When check visibility and click &lt;elementKey&gt; element of Tutorials page​​" classname="bla.tm.definitions.site.products_and_docs.PD_TutorialsDefinition" time="1.743"/>
  <testcase name="Then check that new page opened from Tutorials page has &lt;pageURL&gt; and &lt;pageTitle&gt;​​" classname="bla.tm.definitions.site.products_and_docs.PD_TutorialsDefinition" time="0.175"/>
  <testcase name="Given open Tutorials page​​​​" classname="bla.tm.definitions.site.products_and_docs.PD_TutorialsDefinition" time="1.77"/>
  <testcase name="When check visibility and click &lt;elementKey&gt; element of Tutorials page​​​" classname="bla.tm.definitions.site.products_and_docs.PD_TutorialsDefinition" time="3.339"/>
  <testcase name="Then check that new page opened from Tutorials page has &lt;pageURL&gt; and &lt;pageTitle&gt;​​​" classname="bla.tm.definitions.site.products_and_docs.PD_TutorialsDefinition" time="0.292"/>
  <testcase name="Given open Tutorials page​​​​​" classname="bla.tm.definitions.site.products_and_docs.PD_TutorialsDefinition" time="1.831"/>
  <testcase name="When check visibility and click &lt;elementKey&gt; element of Tutorials page​​​​" classname="bla.tm.definitions.site.products_and_docs.PD_TutorialsDefinition" time="1.767"/>
  <testcase name="Then check that new page opened from Tutorials page has &lt;pageURL&gt; and &lt;pageTitle&gt;​​​​" classname="bla.tm.definitions.site.products_and_docs.PD_TutorialsDefinition" time="0.177"/>
  <testcase name="Given open Tutorials page​​​​​​" classname="bla.tm.definitions.site.products_and_docs.PD_TutorialsDefinition" time="1.726"/>
  <testcase name="When check visibility and click &lt;elementKey&gt; element of Tutorials page​​​​​" classname="bla.tm.definitions.site.products_and_docs.PD_TutorialsDefinition" time="1.733"/>
  <testcase name="Then check that new page opened from Tutorials page has &lt;pageURL&gt; and &lt;pageTitle&gt;​​​​​" classname="bla.tm.definitions.site.products_and_docs.PD_TutorialsDefinition" time="0.244"/>
  <testcase name="Given open Tutorials page​​​​​​​" classname="bla.tm.definitions.site.products_and_docs.PD_TutorialsDefinition" time="2.374"/>
  <testcase name="When check visibility and click &lt;elementKey&gt; element of Tutorials page​​​​​​" classname="bla.tm.definitions.site.products_and_docs.PD_TutorialsDefinition" time="1.604"/>
  <testcase name="Then check that new page opened from Tutorials page has &lt;pageURL&gt; and &lt;pageTitle&gt;​​​​​​" classname="bla.tm.definitions.site.products_and_docs.PD_TutorialsDefinition" time="0.303"/>
  <testcase name="Given open Tutorials page​​​​​​​​" classname="bla.tm.definitions.site.products_and_docs.PD_TutorialsDefinition" time="1.919"/>
  <testcase name="When check visibility and click &lt;elementKey&gt; element of Tutorials page​​​​​​​" classname="bla.tm.definitions.site.products_and_docs.PD_TutorialsDefinition" time="3.574"/>
  <testcase name="Then check that new page opened from Tutorials page has &lt;pageURL&gt; and &lt;pageTitle&gt;​​​​​​​" classname="bla.tm.definitions.site.products_and_docs.PD_TutorialsDefinition" time="0.042"/>
  <testcase name="Given open Tutorials page​​​​​​​​​" classname="bla.tm.definitions.site.products_and_docs.PD_TutorialsDefinition" time="2.591"/>
  <testcase name="When check visibility and click &lt;elementKey&gt; element of Tutorials page​​​​​​​​" classname="bla.tm.definitions.site.products_and_docs.PD_TutorialsDefinition" time="3.349"/>
  <testcase name="Then check that new page opened from Tutorials page has &lt;pageURL&gt; and &lt;pageTitle&gt;​​​​​​​​" classname="bla.tm.definitions.site.products_and_docs.PD_TutorialsDefinition" time="0.062"/>
  <testcase name="Scenario: |/products-and-docs/tutorials/| Verification for all the page&apos;s links" classname="Scenario: |/products-and-docs/tutorials/| Verification for all the page&apos;s links" time="0.127"/>
  <testcase name="PD_Tutorials.story" classname="PD_Tutorials.story" time="0.128"/>
  <testcase name="Given open Tutorials EventSearch page" classname="bla.tm.definitions.site.products_and_docs.PD_Tutorials_EventSearchDefinition" time="2.772"/>
  <testcase name="Then check general page elements for Tutorials EventSearch Page, where DISQUS = false and LeftMenu = true" classname="bla.tm.definitions.site.products_and_docs.PD_Tutorials_EventSearchDefinition" time="10.177"/>
  <testcase name="Scenario: |/products-and-docs/tutorials/events-search/| Verification for general page&apos;s elements" classname="Scenario: |/products-and-docs/tutorials/events-search/| Verification for general page&apos;s elements" time="10.201"/>
  <testcase name="Given open Tutorials EventSearch page​" classname="bla.tm.definitions.site.products_and_docs.PD_Tutorials_EventSearchDefinition" time="1.714"/>
  <testcase name="When check visibility and click &lt;elementKey&gt; element of Tutorials EventSearch page" classname="bla.tm.definitions.site.products_and_docs.PD_Tutorials_EventSearchDefinition" time="2.625"/>
  <testcase name="Then check that new page opened from Tutorials EventSearch page has &lt;pageURL&gt; and &lt;pageTitle&gt;" classname="bla.tm.definitions.site.products_and_docs.PD_Tutorials_EventSearchDefinition" time="0.058"/>
  <testcase name="Given open Tutorials EventSearch page​​" classname="bla.tm.definitions.site.products_and_docs.PD_Tutorials_EventSearchDefinition" time="1.858"/>
  <testcase name="When check visibility and click &lt;elementKey&gt; element of Tutorials EventSearch page​" classname="bla.tm.definitions.site.products_and_docs.PD_Tutorials_EventSearchDefinition" time="1.67"/>
  <testcase name="Then check that new page opened from Tutorials EventSearch page has &lt;pageURL&gt; and &lt;pageTitle&gt;​" classname="bla.tm.definitions.site.products_and_docs.PD_Tutorials_EventSearchDefinition" time="0.131"/>
  <testcase name="Given open Tutorials EventSearch page​​​" classname="bla.tm.definitions.site.products_and_docs.PD_Tutorials_EventSearchDefinition" time="1.694"/>
  <testcase name="When check visibility and click &lt;elementKey&gt; element of Tutorials EventSearch page​​" classname="bla.tm.definitions.site.products_and_docs.PD_Tutorials_EventSearchDefinition" time="1.528"/>
  <testcase name="Then check that new page opened from Tutorials EventSearch page has &lt;pageURL&gt; and &lt;pageTitle&gt;​​" classname="bla.tm.definitions.site.products_and_docs.PD_Tutorials_EventSearchDefinition" time="0.602"/>
  <testcase name="Given open Tutorials EventSearch page​​​​" classname="bla.tm.definitions.site.products_and_docs.PD_Tutorials_EventSearchDefinition" time="2.881"/>
  <testcase name="When check visibility and click &lt;elementKey&gt; element of Tutorials EventSearch page​​​" classname="bla.tm.definitions.site.products_and_docs.PD_Tutorials_EventSearchDefinition" time="1.776"/>
  <testcase name="Then check that new page opened from Tutorials EventSearch page has &lt;pageURL&gt; and &lt;pageTitle&gt;​​​" classname="bla.tm.definitions.site.products_and_docs.PD_Tutorials_EventSearchDefinition" time="0.134"/>
  <testcase name="Given open Tutorials EventSearch page​​​​​" classname="bla.tm.definitions.site.products_and_docs.PD_Tutorials_EventSearchDefinition" time="1.666"/>
  <testcase name="When check visibility and click &lt;elementKey&gt; element of Tutorials EventSearch page​​​​" classname="bla.tm.definitions.site.products_and_docs.PD_Tutorials_EventSearchDefinition" time="1.791"/>
  <testcase name="Then check that new page opened from Tutorials EventSearch page has &lt;pageURL&gt; and &lt;pageTitle&gt;​​​​" classname="bla.tm.definitions.site.products_and_docs.PD_Tutorials_EventSearchDefinition" time="0.245"/>
  <testcase name="Given open Tutorials EventSearch page​​​​​​" classname="bla.tm.definitions.site.products_and_docs.PD_Tutorials_EventSearchDefinition" time="2.968"/>
  <testcase name="When check visibility and click &lt;elementKey&gt; element of Tutorials EventSearch page​​​​​" classname="bla.tm.definitions.site.products_and_docs.PD_Tutorials_EventSearchDefinition" time="2.798"/>
  <testcase name="Then check that new page opened from Tutorials EventSearch page has &lt;pageURL&gt; and &lt;pageTitle&gt;​​​​​" classname="bla.tm.definitions.site.products_and_docs.PD_Tutorials_EventSearchDefinition" time="0.082"/>
  <testcase name="Scenario: |/products-and-docs/tutorials/events-search/| Verification for all the page&apos;s links" classname="Scenario: |/products-and-docs/tutorials/events-search/| Verification for all the page&apos;s links" time="0.145"/>
  <testcase name="PD_Tutorials_EventSearch.story" classname="PD_Tutorials_EventSearch.story" time="0.147"/>
  <testcase name="Given open Tutorials EventSearch SearchEventInSomeLocation page" classname="bla.tm.definitions.site.products_and_docs.PD_Tutorials_EventSearch_SearchEventInSomeLocationDefinition" time="4.506"/>
  <testcase name="Then check general page elements for Tutorials EventSearch SearchEventInSomeLocation Page, where DISQUS = true and LeftMenu = true" classname="bla.tm.definitions.site.products_and_docs.PD_Tutorials_EventSearch_SearchEventInSomeLocationDefinition" time="0.203"/>
  <testcase name="Scenario: |/products-and-docs/tutorials/events-search/search_events_in_location_html| Verification for general page&apos;s elements" classname="Scenario: |/products-and-docs/tutorials/events-search/search_events_in_location_html| Verification for general page&apos;s elements" time="0.222"/>
  <testcase name="PD_Tutorials_EventSearch_SearchEventInSomeLocation.story" classname="PD_Tutorials_EventSearch_SearchEventInSomeLocation.story" time="0.283"/>
  <testcase name="Given open Tutorials EventSearch SearchEventWithDiscoveryAPI page" classname="bla.tm.definitions.site.products_and_docs.PD_Tutorials_EventSearch_SearchEventWithDiscoveryAPIDefinition" time="4.595"/>
  <testcase name="Then check general page elements for Tutorials EventSearch SearchEventWithDiscoveryAPI Page, where DISQUS = true and LeftMenu = true" classname="bla.tm.definitions.site.products_and_docs.PD_Tutorials_EventSearch_SearchEventWithDiscoveryAPIDefinition" time="0.63"/>
  <testcase name="Scenario: |/products-and-docs/tutorials/events-search/search_events_with_discovery_api_html| Verification for general page&apos;s elements" classname="Scenario: |/products-and-docs/tutorials/events-search/search_events_with_discovery_api_html| Verification for general page&apos;s elements" time="0.653"/>
  <testcase name="PD_Tutorials_EventSearch_SearchEventWithDiscoveryAPI.story" classname="PD_Tutorials_EventSearch_SearchEventWithDiscoveryAPI.story" time="0.716"/>
  <testcase name="Given open Tutorials Widgets page" classname="bla.tm.definitions.site.products_and_docs.PD_Tutorials_WidgetsDefinition" time="2.237"/>
  <testcase name="Then check general page elements for Tutorials Widgets Page, where DISQUS = false and LeftMenu = true" classname="bla.tm.definitions.site.products_and_docs.PD_Tutorials_WidgetsDefinition" time="10.26"/>
  <testcase name="Scenario: |/products-and-docs/tutorials/widgets/| Verification for general page&apos;s elements" classname="Scenario: |/products-and-docs/tutorials/widgets/| Verification for general page&apos;s elements" time="10.284"/>
  <testcase name="Given open Tutorials Widgets page​" classname="bla.tm.definitions.site.products_and_docs.PD_Tutorials_WidgetsDefinition" time="1.807"/>
  <testcase name="When check visibility and click &lt;elementKey&gt; element of Tutorials Widgets page" classname="bla.tm.definitions.site.products_and_docs.PD_Tutorials_WidgetsDefinition" time="1.321"/>
  <testcase name="Then check that new page opened from Tutorials Widgets page has &lt;pageURL&gt; and &lt;pageTitle&gt;" classname="bla.tm.definitions.site.products_and_docs.PD_Tutorials_WidgetsDefinition" time="0.124"/>
  <testcase name="Given open Tutorials Widgets page​​" classname="bla.tm.definitions.site.products_and_docs.PD_Tutorials_WidgetsDefinition" time="1.652"/>
  <testcase name="When check visibility and click &lt;elementKey&gt; element of Tutorials Widgets page​" classname="bla.tm.definitions.site.products_and_docs.PD_Tutorials_WidgetsDefinition" time="1.213"/>
  <testcase name="Then check that new page opened from Tutorials Widgets page has &lt;pageURL&gt; and &lt;pageTitle&gt;​" classname="bla.tm.definitions.site.products_and_docs.PD_Tutorials_WidgetsDefinition" time="0.101"/>
  <testcase name="Given open Tutorials Widgets page​​​" classname="bla.tm.definitions.site.products_and_docs.PD_Tutorials_WidgetsDefinition" time="1.768"/>
  <testcase name="When check visibility and click &lt;elementKey&gt; element of Tutorials Widgets page​​" classname="bla.tm.definitions.site.products_and_docs.PD_Tutorials_WidgetsDefinition" time="1.246"/>
  <testcase name="Then check that new page opened from Tutorials Widgets page has &lt;pageURL&gt; and &lt;pageTitle&gt;​​" classname="bla.tm.definitions.site.products_and_docs.PD_Tutorials_WidgetsDefinition" time="0.217"/>
  <testcase name="Scenario: |/products-and-docs/tutorials/widgets/| Verification for all the page&apos;s links" classname="Scenario: |/products-and-docs/tutorials/widgets/| Verification for all the page&apos;s links" time="0.295"/>
  <testcase name="PD_Tutorials_Widgets.story" classname="PD_Tutorials_Widgets.story" time="0.296"/>
  <testcase name="Given open Tutorials Widgets EventDiscoveryWidget page" classname="bla.tm.definitions.site.products_and_docs.PD_Tutorials_Widgets_EventDiscoveryWidgetDefinition" time="2.394"/>
  <testcase name="Then check general page elements for Tutorials Widgets EventDiscoveryWidget Page, where DISQUS = true and LeftMenu = true" classname="bla.tm.definitions.site.products_and_docs.PD_Tutorials_Widgets_EventDiscoveryWidgetDefinition" time="0.371"/>
  <testcase name="Scenario: |/products-and-docs/tutorials/widgets/Event_Discovery_Widget_html| Verification for general page&apos;s elements" classname="Scenario: |/products-and-docs/tutorials/widgets/Event_Discovery_Widget_html| Verification for general page&apos;s elements" time="0.395"/>
  <testcase name="PD_Tutorials_Widgets_EventDiscoveryWidget.story" classname="PD_Tutorials_Widgets_EventDiscoveryWidget.story" time="0.456"/>
  <testcase name="Given open Calendar Widget page" classname="bla.tm.definitions.site.products_and_docs.PD_Widget_CalendarDefinition" time="3.902"/>
  <testcase name="Then check general page elements for Calendar Widget Page, where DISQUS = true and LeftMenu = true" classname="bla.tm.definitions.site.products_and_docs.PD_Widget_CalendarDefinition" time="0.221"/>
  <testcase name="Scenario: |/products-and-docs/widgets/calendar/| [3.2.1.9 Disqus is present on calendar widget]" classname="Scenario: |/products-and-docs/widgets/calendar/| [3.2.1.9 Disqus is present on calendar widget]" time="0.242"/>
  <testcase name="PD_Widget_Calendar.story" classname="PD_Widget_Calendar.story" time="0.305"/>
  <testcase name="Given open Countdown Widget page" classname="bla.tm.definitions.site.products_and_docs.PD_Widget_CountdownDefinition" time="3.135"/>
  <testcase name="Then check general page elements for Countdown Widget Page, where DISQUS = true and LeftMenu = true" classname="bla.tm.definitions.site.products_and_docs.PD_Widget_CountdownDefinition" time="0.45"/>
  <testcase name="Scenario: |/products-and-docs/widgets/countdown/| Verification for general page&apos;s elements" classname="Scenario: |/products-and-docs/widgets/countdown/| Verification for general page&apos;s elements" time="0.492"/>
  <testcase name="PD_Widget_Countdown.story" classname="PD_Widget_Countdown.story" time="0.559"/>
  <testcase name="Given open Event Discovery Widget page" classname="bla.tm.definitions.site.products_and_docs.PD_Widget_EventDiscoveryDefinition" time="6.866"/>
  <testcase name="Then check general page elements for Event Discovery Widget Page, where DISQUS = true and LeftMenu = true" classname="bla.tm.definitions.site.products_and_docs.PD_Widget_EventDiscoveryDefinition" time="0.612"/>
  <testcase name="Scenario: |/products-and-docs/widgets/event-discovery/| Verification for general page&apos;s elements" classname="Scenario: |/products-and-docs/widgets/event-discovery/| Verification for general page&apos;s elements" time="0.639"/>
  <testcase name="PD_Widget_EventDiscovery.story" classname="PD_Widget_EventDiscovery.story" time="0.705"/>
  <testcase name="Given open Universal Checkout page" classname="bla.tm.definitions.site.products_and_docs.PD_Widget_UniversalCheckoutDefinition" time="3.38"/>
  <testcase name="Then check general page elements for Universal Checkout Page, where DISQUS = true and LeftMenu = true" classname="bla.tm.definitions.site.products_and_docs.PD_Widget_UniversalCheckoutDefinition" time="0.607"/>
  <testcase name="Scenario: |/products-and-docs/widgets/checkout/| [3.1.3 Widget checkout : Verification for general page&apos;s elements]" classname="Scenario: |/products-and-docs/widgets/checkout/| [3.1.3 Widget checkout : Verification for general page&apos;s elements]" time="0.68"/>
  <testcase name="PD_Widget_UniversalCheckout.story" classname="PD_Widget_UniversalCheckout.story" time="0.743"/>
  <testcase name="Given open WordPress Widget page" classname="bla.tm.definitions.site.products_and_docs.PD_Widget_WordPressDefinition" time="2.907"/>
[...]
[pool-2-thread-8] INFO net.thucydides.core.reports.html.HtmlAcceptanceTestReporter - GENERATING HTML REPORT FOR PD  tutorials:(/products-and-docs/tutorials/) Verification for all the page's links in f9936441078560a56e8413400b9ce8bc.html in directory target/site/serenity  
[pool-2-thread-29] INFO net.thucydides.core.reports.html.HtmlAcceptanceTestReporter - GENERATING HTML REPORT FOR PD  tutorials  widgets:(/products-and-docs/tutorials/widgets/) Verification for general page's elements in c74a407a6cf020722c8ced5f2ad46ed7.html in directory target/site/serenity  
[pool-2-thread-17] INFO net.thucydides.core.reports.html.HtmlAcceptanceTestReporter - GENERATING HTML REPORT FOR PD  tutorials  widgets:(/products-and-docs/tutorials/widgets/) Verification for all the page's links in 8d43f155d68df0122025b88902deb81c.html in directory target/site/serenity  
[pool-2-thread-13] INFO net.thucydides.core.reports.html.HtmlAcceptanceTestReporter - GENERATING HTML REPORT FOR PD  tutorials:(/products-and-docs/tutorials/) Verification for general page's elements in 5157f7d09bc74acb49c96ab2d6f45810.html in directory target/site/serenity  
[pool-2-thread-28] INFO net.thucydides.core.reports.html.HtmlAcceptanceTestReporter - GENERATING HTML REPORT FOR PD  tutorials  event search  search event with discovery API:(/products-and-docs/tutorials/events-search/search_events_with_discovery_api_html) Verification for general page's elements in 5dbd3125fd27cb3a4ccba5b7ad7e777d.html in directory target/site/serenity  
[pool-2-thread-22] INFO net.thucydides.core.reports.html.HtmlAcceptanceTestReporter - GENERATING HTML REPORT FOR PD  tutorials  widgets  event discovery widget:(/products-and-docs/tutorials/widgets/Event_Discovery_Widget_html) Verification for general page's elements in 0a28f070ff6775bf01338b583f16e571.html in directory target/site/serenity  
[pool-2-thread-20] INFO net.thucydides.core.reports.html.HtmlAcceptanceTestReporter - GENERATING HTML REPORT FOR PD  widget  universal checkout:(/products-and-docs/widgets/checkout/) [3.1.3 Widget checkout : Verification for general page's elements] in fb61c43083438f218b39869fec551c83.html in directory target/site/serenity  
[pool-2-thread-15] INFO net.thucydides.core.reports.html.HtmlAcceptanceTestReporter - GENERATING HTML REPORT FOR PD  widgets:(/products-and-docs/widgets/) Verification for Direct Payment Button element in 3d38ae3b51ff0cc89e687da817fff5c1.html in directory target/site/serenity  
[pool-2-thread-14] INFO net.thucydides.core.reports.html.HtmlAcceptanceTestReporter - GENERATING HTML REPORT FOR PD  discovery apiv1:(/products-and-docs/apis/discovery-api/v1/) Verification for general page's elements in 75f10943c7bcaa4144b40ec2a8b03286.html in directory target/site/serenity  
[pool-2-thread-16] INFO net.thucydides.core.reports.html.HtmlAcceptanceTestReporter - GENERATING HTML REPORT FOR PD  tutorials  event search:(/products-and-docs/tutorials/events-search/) Verification for general page's elements in 272d625aa923b7250c90e4c7aedd31fd.html in directory target/site/serenity  
[pool-2-thread-1] INFO net.thucydides.core.reports.html.HtmlAcceptanceTestReporter - GENERATING HTML REPORT FOR PD  widgets:(/products-and-docs/widgets/) Verification for general page's elements in d320966d49cf1f6b6b97a3f1d48d56ca.html in directory target/site/serenity  
[pool-2-thread-6] INFO net.thucydides.core.reports.html.HtmlAcceptanceTestReporter - GENERATING HTML REPORT FOR PD  discovery apiv2:(/products-and-docs/apis/discovery/v2/) Verification for general page's elements in ae09ef0217adff17762283aaef6c8348.html in directory target/site/serenity  
[pool-2-thread-32] INFO net.thucydides.core.reports.html.HtmlAcceptanceTestReporter - GENERATING HTML REPORT FOR PD  widget  event discovery:(/products-and-docs/widgets/event-discovery/) Verification for general page's elements in deb115249b3a28b84987f190d5dbd1ca.html in directory target/site/serenity  
[pool-2-thread-11] INFO net.thucydides.core.reports.html.HtmlAcceptanceTestReporter - GENERATING HTML REPORT FOR Support:(/support/) Verification for general page's elements in b9e8b8e168099eddf4b20937e7c93350.html in directory target/site/serenity  
[pool-2-thread-24] INFO net.thucydides.core.reports.html.HtmlAcceptanceTestReporter - GENERATING HTML REPORT FOR PD  widget  calendar:(/products-and-docs/widgets/calendar/) [3.2.1.9 Disqus is present on calendar widget] in 31992e8df233693ae7820baeb1f1f9f1.html in directory target/site/serenity  
[pool-2-thread-21] INFO net.thucydides.core.reports.html.HtmlAcceptanceTestReporter - GENERATING HTML REPORT FOR PD  tutorials  event search  search event in some location:(/products-and-docs/tutorials/events-search/search_events_in_location_html) Verification for general page's elements in 17a54574f8409b47fc77eda6c5ce0414.html in directory target/site/serenity  
[pool-2-thread-2] INFO net.thucydides.core.reports.html.HtmlAcceptanceTestReporter - GENERATING HTML REPORT FOR PD  top picks API:(/api-explorer/) Verification for general page's elements in b4d8c182c1e92cf8c534e5520be6f86a.html in directory target/site/serenity  
[pool-2-thread-16] INFO net.thucydides.core.reports.html.HtmlAcceptanceTestReporter - GENERATING HTML REPORT FOR Support  branding guide:(/support/branding-guide/) Verification for general page's elements in 73d14fa2d33210cccb211e1b370f30d5.html in directory target/site/serenity  
[pool-2-thread-14] INFO net.thucydides.core.reports.html.HtmlAcceptanceTestReporter - GENERATING HTML REPORT FOR Support  contact us:(/support/contact-us/) Verification for general page's elements in 0b02f68eee2d3f5e59ce9f2d37430fae.html in directory target/site/serenity  
[pool-2-thread-1] INFO net.thucydides.core.reports.html.HtmlAcceptanceTestReporter - GENERATING HTML REPORT FOR Support FAQ:(/support/faq/) Verification for general page's elements in 99c81ec406c5bfabf0c8627a1efdf8f1.html in directory target/site/serenity  
[pool-2-thread-19] INFO net.thucydides.core.reports.html.HtmlAcceptanceTestReporter - GENERATING HTML REPORT FOR Support  general terms of use:(/support/terms-of-use/) Verification for general page's elements in fcbc35c07f7f56e9d81645e41d040fff.html in directory target/site/serenity  
[pool-2-thread-31] INFO net.thucydides.core.reports.html.HtmlAcceptanceTestReporter - GENERATING HTML REPORT FOR PD  widget  countdown:(/products-and-docs/widgets/countdown/) Verification for general page's elements in a122ee30a2e587acd2b84eb452111cae.html in directory target/site/serenity  
[pool-2-thread-6] INFO net.thucydides.core.reports.html.HtmlAcceptanceTestReporter - GENERATING HTML REPORT FOR Calendar widget:(/products-and-docs/widgets/calendar/) TECHNICAL TAB - Check that required fields are not empty in f309713bc81f30d1a0529ba9ef1d0a8d.html in directory target/site/serenity  
[pool-2-thread-23] INFO net.thucydides.core.reports.html.HtmlAcceptanceTestReporter - GENERATING HTML REPORT FOR PD  widget  word press:(/products-and-docs/widgets/wordpress/) [3.1.4 Wordpress widget : Verification for general page's elements] in 2369b4e82780209181224e652033d029.html in directory target/site/serenity  
[pool-2-thread-24] INFO net.thucydides.core.reports.html.HtmlAcceptanceTestReporter - GENERATING HTML REPORT FOR Calendar widget:(/products-and-docs/widgets/calendar/) TECHNICAL TAB - Check that embed code functionality works properly in 322d2393e7bf2ab2e4e98b349a8a3908.html in directory target/site/serenity  
[pool-2-thread-22] INFO net.thucydides.core.reports.html.HtmlAcceptanceTestReporter - GENERATING HTML REPORT FOR Calendar widget:(/products-and-docs/widgets/calendar/) TECHNICAL TAB - Check RESET button functionality in 2452d2d94d0b5882b4fff4817b53935d.html in directory target/site/serenity  
[pool-2-thread-2] INFO net.thucydides.core.reports.html.HtmlAcceptanceTestReporter - GENERATING HTML REPORT FOR Calendar widget:(/products-and-docs/widgets/calendar/) Check RESET button functionality on Embedded Code Pop-up window in 76a842de4d95dfd3227c1ba91422985e.html in directory target/site/serenity  
[pool-2-thread-14] INFO net.thucydides.core.reports.html.HtmlAcceptanceTestReporter - GENERATING HTML REPORT FOR Calendar widget:(/products-and-docs/widgets/calendar/) TECHNICAL TAB - Check links in b7f9b6c992e799fd7e1b1c4912b32f25.html in directory target/site/serenity  
[pool-2-thread-3] INFO net.thucydides.core.reports.html.HtmlAcceptanceTestReporter - GENERATING HTML REPORT FOR PD  widgets:(/products-and-docs/widgets/) Verification for all the page's links in 2005e268956d1e776e29d8118ced9033.html in directory target/site/serenity  
[pool-2-thread-6] INFO net.thucydides.core.reports.html.HtmlAcceptanceTestReporter - GENERATING HTML REPORT FOR Countdown widget:(/products-and-docs/widgets/countdown/) TECHNICAL TAB - Check that required fields are not empty in 3042eeb6ce3495b7a489049e6041852a.html in directory target/site/serenity  
[pool-2-thread-28] INFO net.thucydides.core.reports.html.HtmlAcceptanceTestReporter - GENERATING HTML REPORT FOR Support  partner API terms of use:(/support/terms-of-use/partner/) Verification for general page's elements in 2022b94d94ecc4ca5f194afc08b5b59b.html in directory target/site/serenity  
[pool-2-thread-21] INFO net.thucydides.core.reports.html.HtmlAcceptanceTestReporter - GENERATING HTML REPORT FOR Countdown widget:(/products-and-docs/widgets/countdown/) TECHNICAL TAB - Get new EventId in 240163cbd771841ccc1ad6e24a46c4ff.html in directory target/site/serenity  
[pool-2-thread-19] INFO net.thucydides.core.reports.html.HtmlAcceptanceTestReporter - GENERATING HTML REPORT FOR Countdown widget:(/products-and-docs/widgets/countdown/) TECHNICAL TAB - Check links in d5e2168c89549bb5961a9c44471f9b6c.html in directory target/site/serenity  
[pool-2-thread-29] INFO net.thucydides.core.reports.html.HtmlAcceptanceTestReporter - GENERATING HTML REPORT FOR Countdown widget:(/products-and-docs/widgets/countdown/) VISUAL TAB - Check Full-width mode in b88bcf1511bdeee68d60d19ad81b5622.html in directory target/site/serenity  
[pool-2-thread-14] INFO net.thucydides.core.reports.html.HtmlAcceptanceTestReporter - GENERATING HTML REPORT FOR Countdown widget:(/products-and-docs/widgets/countdown/) Event message - Check event message for invalid API Key in 17c8bc4c298e2f1d4ccaf034cc4c4579.html in directory target/site/serenity  
[pool-2-thread-29] INFO net.thucydides.core.reports.html.HtmlAcceptanceTestReporter - GENERATING HTML REPORT FOR Countdown widget:(/products-and-docs/widgets/countdown/) Event message - Check event message for invalid Event ID in 90602fbc6bf91469968a77050460f7a7.html in directory target/site/serenity  
[pool-2-thread-7] INFO net.thucydides.core.reports.html.HtmlAcceptanceTestReporter - GENERATING HTML REPORT FOR Event discovery widget:(/products-and-docs/widgets/event-discovery/) TECHNICAL TAB - Check that embed code functionality works properly in 0f3aabf2a048628f91be1f105923974f.html in directory target/site/serenity  
[pool-2-thread-1] INFO net.thucydides.core.reports.html.HtmlAcceptanceTestReporter - GENERATING HTML REPORT FOR Event discovery widget:(/products-and-docs/widgets/event-discovery/) TECHNICAL TAB - Check that KEYWORD field functionality works properly in e51d09812ab4c5e25bcce5be7a8542a6.html in directory target/site/serenity  
[pool-2-thread-29] INFO net.thucydides.core.reports.html.HtmlAcceptanceTestReporter - GENERATING HTML REPORT FOR Event discovery widget:(/products-and-docs/widgets/event-discovery/) TECHNICAL TAB - Check boundary values of RADIUS in 5612db770c22faf71cb8eec94db4f577.html in directory target/site/serenity  
[pool-2-thread-5] INFO net.thucydides.core.reports.html.HtmlAcceptanceTestReporter - GENERATING HTML REPORT FOR Event discovery widget:(/products-and-docs/widgets/event-discovery/) TECHNICAL TAB - Check boundary values of EVENT COUNT in 67fc2ade4f4cd91ee7f8df80e319b0ce.html in directory target/site/serenity  
[pool-2-thread-20] INFO net.thucydides.core.reports.html.HtmlAcceptanceTestReporter - GENERATING HTML REPORT FOR Event discovery widget:(/products-and-docs/widgets/event-discovery/) TECHNICAL TAB - Check links in 2549737dc1b1112e4e9ba570d1d99bcd.html in directory target/site/serenity  
[pool-2-thread-18] INFO net.thucydides.core.reports.html.HtmlAcceptanceTestReporter - GENERATING HTML REPORT FOR Countdown widget:(/products-and-docs/widgets/countdown/) TECHNICAL TAB - Verification of default embed code in 327187bff4904e87293043aaf5a6509b.html in directory target/site/serenity  
[pool-2-thread-31] INFO net.thucydides.core.reports.html.HtmlAcceptanceTestReporter - GENERATING HTML REPORT FOR Calendar widget:(/products-and-docs/widgets/calendar/) Event message - Check event message for invalid API Key in e467876af5c14db329746d48df2510fa.html in directory target/site/serenity  
[pool-2-thread-13] INFO net.thucydides.core.reports.html.HtmlAcceptanceTestReporter - GENERATING HTML REPORT FOR Event discovery widget:(/products-and-docs/widgets/event-discovery/) TECHNICAL TAB - Check that EVENT COUNT works properly in 458e130cc18165a5e632e828c6646c3a.html in directory target/site/serenity  
[pool-2-thread-30] INFO net.thucydides.core.reports.html.HtmlAcceptanceTestReporter - GENERATING HTML REPORT FOR Countdown widget:(/products-and-docs/widgets/countdown/) TECHNICAL TAB - Check RESET button functionality on Embedded Code Pop-up window in 0497a7651c567c7d1cf089e01659c927.html in directory target/site/serenity  
[pool-2-thread-4] INFO net.thucydides.core.reports.html.HtmlAcceptanceTestReporter - GENERATING HTML REPORT FOR Event discovery widget:(/products-and-docs/widgets/event-discovery/) VISUAL TAB - Check Layout Resolutions in d80bafeef84520f55893568d0c224427.html in directory target/site/serenity  
[pool-2-thread-17] INFO net.thucydides.core.reports.html.HtmlAcceptanceTestReporter - GENERATING HTML REPORT FOR Event discovery widget:(/products-and-docs/widgets/event-discovery/) VISUAL TAB - Check Layout Orientations in c9632150870302b69031d089705cd1d7.html in directory target/site/serenity  
[pool-2-thread-32] INFO net.thucydides.core.reports.html.HtmlAcceptanceTestReporter - GENERATING HTML REPORT FOR Event discovery widget:(/products-and-docs/widgets/event-discovery/) Event message - Check event message for invalid Keyword in d8f6cd69050d8d74824645b40e143f80.html in directory target/site/serenity  
[pool-2-thread-31] INFO net.thucydides.core.reports.html.HtmlAcceptanceTestReporter - GENERATING HTML REPORT FOR Feedback widget:(feedback widget) Check that Feedback widget Elements are shown in 3f0c9c02bf386ecf13f0588ae6897497.html in directory target/site/serenity  
[pool-2-thread-22] INFO net.thucydides.core.reports.html.HtmlAcceptanceTestReporter - GENERATING HTML REPORT FOR Feedback widget:(feedback widget) Feedback widget error notifications for NAME field in 1dba5de201ae33104dae6a92b5867c72.html in directory target/site/serenity  
[pool-2-thread-6] INFO net.thucydides.core.reports.html.HtmlAcceptanceTestReporter - GENERATING HTML REPORT FOR Feedback widget:(feedback widget) Feedback widget Close button in 0f7c33ede821beb77d70ea87e6db9a2b.html in directory target/site/serenity  
[pool-2-thread-18] INFO net.thucydides.core.reports.html.HtmlAcceptanceTestReporter - GENERATING HTML REPORT FOR Feedback widget:(feedback widget) Feedback widget error notifications for Email field in 4bb3352be7c67126054b66208e524285.html in directory target/site/serenity  
[pool-2-thread-11] INFO net.thucydides.core.reports.html.HtmlAcceptanceTestReporter - GENERATING HTML REPORT FOR Event discovery widget:(/products-and-docs/widgets/event-discovery/) TECHNICAL TAB - Check that required fields are not empty and have default values in dab67285a830608a0060945be3da61e0.html in directory target/site/serenity  
[pool-2-thread-9] INFO net.thucydides.core.reports.html.HtmlAcceptanceTestReporter - GENERATING HTML REPORT FOR PD  season ticketing API:(/api-explorer/) Verification for general page's elements in edfd248e8f9e9a5cf6755e5b8427a74b.html in directory target/site/serenity  
[pool-2-thread-14] INFO net.thucydides.core.reports.html.HtmlAcceptanceTestReporter - GENERATING HTML REPORT FOR Map widget:(/products-and-docs/widgets/map/) [3.7.2 Map widget : Embedded code functionality works properly] in 4a738ba95a69b8fef58eca4f21db5e47.html in directory target/site/serenity  
[pool-2-thread-15] INFO net.thucydides.core.reports.html.HtmlAcceptanceTestReporter - GENERATING HTML REPORT FOR Map widget:(/products-and-docs/widgets/map/) [3.7.4 Map widget : Check RESET button functionality on embedded pop-up window] in f07a62556f157d233a6d7d0f37bdb40f.html in directory target/site/serenity  
[pool-2-thread-25] INFO net.thucydides.core.reports.html.HtmlAcceptanceTestReporter - GENERATING HTML REPORT FOR Map widget:(/products-and-docs/widgets/map/) [3.7.3 Map widget : Check RESET button functionality] in 0d8d033eae4411bc82a2cabdbe26bd38.html in directory target/site/serenity  
[pool-2-thread-22] INFO net.thucydides.core.reports.html.HtmlAcceptanceTestReporter - GENERATING HTML REPORT FOR Map widget:(/products-and-docs/widgets/map/) [3.7.7 Map widget : Check links] in 0430d2e3316bf8eb1e0f50e085bd2f67.html in directory target/site/serenity  
[pool-2-thread-7] INFO net.thucydides.core.reports.html.HtmlAcceptanceTestReporter - GENERATING HTML REPORT FOR Map widget:(/products-and-docs/widgets/map/) Event message - Check event message for invalid API Key in 63a22980572179ea04256a3f0729b539.html in directory target/site/serenity  
[pool-2-thread-26] INFO net.thucydides.core.reports.html.HtmlAcceptanceTestReporter - GENERATING HTML REPORT FOR Countdown widget:(/products-and-docs/widgets/countdown/) TECHNICAL TAB - Check that embed code functionality works properly in 3fa579a6baeb2720a1943cdf8e0a441a.html in directory target/site/serenity  
[pool-2-thread-16] INFO net.thucydides.core.reports.html.HtmlAcceptanceTestReporter - GENERATING HTML REPORT FOR Map widget:(/products-and-docs/widgets/map/) [3.7.1 Map widget : Check that required fields are not empty] in d33ca21b53e0ce95f4eaf8926204ee57.html in directory target/site/serenity  
[pool-2-thread-23] INFO net.thucydides.core.reports.html.HtmlAcceptanceTestReporter - GENERATING HTML REPORT FOR Countdown widget:(/products-and-docs/widgets/countdown/) TECHNICAL TAB - Check RESET button functionality in 2068de1cbe6983882d47645d90461c0a.html in directory target/site/serenity  
[pool-2-thread-9] INFO net.thucydides.core.reports.html.HtmlAcceptanceTestReporter - GENERATING HTML REPORT FOR Summary widget:(summary widget) TKMDPA-870 Summary widget check for Home page in b919dd83514d53c902f7afe7c6da1ff8.html in directory target/site/serenity  
[pool-2-thread-14] INFO net.thucydides.core.reports.html.HtmlAcceptanceTestReporter - GENERATING HTML REPORT FOR Summary widget:(summary widget) TKMDPA-870 Summary widget check for API Explorer page in aaa760457257983ba2c0093040869333.html in directory target/site/serenity  
[pool-2-thread-10] INFO net.thucydides.core.reports.html.HtmlAcceptanceTestReporter - GENERATING HTML REPORT FOR Summary widget:(summary widget) TKMDPA-870 Summary widget check for Getting Started page in 5945db773205ac074311f5776e52c48f.html in directory target/site/serenity  
[pool-2-thread-19] INFO net.thucydides.core.reports.html.HtmlAcceptanceTestReporter - GENERATING HTML REPORT FOR Countdown widget:(/products-and-docs/widgets/countdown/) VISUAL TAB - Check Layout Resolutions in d8b7babaa8d322e3269b9661ae68e8d8.html in directory target/site/serenity  
[pool-2-thread-21] INFO net.thucydides.core.reports.html.HtmlAcceptanceTestReporter - GENERATING HTML REPORT FOR Countdown widget:(/products-and-docs/widgets/countdown/) VISUAL TAB - Check Layout Orientations in 91af3647c162e36d94fd0d47f89071da.html in directory target/site/serenity  
]]></system-err>
  </testcase>
</testsuite>